-0.000  0.000 -0.000   0.032  0.136 -0.976  -0.375 -0.575  0.812   0.024 -0.003 -0.142
-0.054 -0.103  1.692   0.032  0.124 -0.972  -0.372 -0.584  0.797   0.030 -0.001 -0.138
-0.115 -0.201  3.425   0.036  0.124 -0.980  -0.372 -0.584  0.797   0.028  0.006 -0.142
-0.188 -0.306  5.221   0.048  0.124 -0.972  -0.372 -0.584  0.797   0.028 -0.002 -0.133
-0.253 -0.403  7.077   0.048  0.112 -0.992  -0.367 -0.584  0.805   0.029 -0.004 -0.132
-0.313 -0.505  8.963   0.040  0.108 -0.984  -0.367 -0.584  0.805   0.023 -0.004 -0.130
-0.374 -0.622 10.872   0.036  0.128 -0.980  -0.367 -0.584  0.805   0.024  0.006 -0.119
-0.433 -0.753 12.822   0.040  0.128 -0.984  -0.367 -0.584  0.805   0.025 -0.005 -0.115
-0.475 -0.878 14.823   0.040  0.120 -0.980  -0.370 -0.592  0.810   0.036 -0.007 -0.107
-0.512 -0.998 16.849   0.040  0.124 -0.980  -0.370 -0.592  0.810   0.041  0.002 -0.107
-0.536 -1.126 18.898   0.036  0.120 -0.988  -0.370 -0.592  0.810   0.041 -0.007 -0.110
-0.554 -1.250 20.982   0.036  0.116 -0.980  -0.364 -0.595  0.795   0.045 -0.007 -0.108
-0.566 -1.389 23.087   0.036  0.132 -0.976  -0.364 -0.595  0.795   0.053 -0.003 -0.099
-0.585 -1.521 25.219   0.040  0.128 -0.984  -0.364 -0.595  0.795   0.048 -0.001 -0.096
-0.603 -1.655 27.376   0.044  0.124 -0.984  -0.357 -0.587  0.803   0.048 -0.009 -0.089
-0.615 -1.784 29.565   0.052  0.128 -0.992  -0.357 -0.587  0.803   0.063 -0.009 -0.074
-0.624 -1.925 31.752   0.048  0.124 -0.988  -0.357 -0.587  0.803   0.050 -0.019 -0.081
-0.606 -2.064 33.960   0.040  0.128 -0.984  -0.357 -0.587  0.803   0.063 -0.015 -0.066
-0.586 -2.204 36.182   0.040  0.128 -0.984  -0.354 -0.604  0.803   0.063 -0.018 -0.055
-0.557 -2.350 38.410   0.040  0.132 -0.980  -0.354 -0.604  0.803   0.067 -0.021 -0.048
-0.530 -2.493 40.640   0.040  0.128 -0.976  -0.354 -0.604  0.803   0.059 -0.021 -0.039
-0.481 -2.633 42.874   0.032  0.128 -0.976  -0.354 -0.598  0.803   0.062 -0.023 -0.033
-0.437 -2.756 45.102   0.036  0.120 -0.980  -0.354 -0.598  0.803   0.061 -0.023 -0.023
-0.388 -2.882 47.324   0.036  0.124 -0.972  -0.354 -0.598  0.803   0.063 -0.023 -0.016
-0.345 -3.017 49.531   0.036  0.132 -0.980  -0.341 -0.595  0.803   0.059 -0.019 -0.006
-0.292 -3.142 51.724   0.036  0.128 -0.988  -0.341 -0.595  0.803   0.061 -0.025  0.003
-0.239 -3.274 53.904   0.036  0.132 -0.992  -0.341 -0.595  0.803   0.056 -0.025  0.014
-0.195 -3.384 56.050   0.040  0.124 -0.988  -0.341 -0.595  0.803   0.057 -0.023  0.018
-0.165 -3.495 58.189   0.048  0.124 -0.984  -0.351 -0.587  0.810   0.053 -0.023  0.030
-0.104 -3.597 60.321   0.040  0.124 -0.980  -0.351 -0.587  0.810   0.063 -0.029  0.045
-0.043 -3.703 62.427   0.036  0.128 -0.984  -0.351 -0.587  0.810   0.057 -0.020  0.047
 0.030 -3.798 64.489   0.036  0.132 -0.992  -0.346 -0.595  0.797   0.072 -0.026  0.055
 0.079 -3.898 66.514   0.044  0.136 -1.000  -0.346 -0.595  0.797   0.066 -0.020  0.068
 0.135 -3.983 68.498   0.040  0.128 -0.996  -0.346 -0.595  0.797   0.062 -0.023  0.071
 0.198 -4.026 70.434   0.036  0.112 -0.992  -0.336 -0.584  0.810   0.068 -0.025  0.080
 0.258 -4.094 72.336   0.036  0.120 -0.984  -0.336 -0.584  0.810   0.059 -0.024  0.084
 0.300 -4.151 74.282   0.044  0.116 -0.980  -0.336 -0.584  0.810   0.063 -0.024  0.100
 0.354 -4.235 76.185   0.044  0.124 -0.980  -0.336 -0.584  0.810   0.055 -0.034  0.101
 0.414 -4.341 78.059   0.044  0.132 -0.976  -0.341 -0.592  0.814   0.048 -0.036  0.113
 0.504 -4.416 79.930   0.028  0.128 -0.980  -0.341 -0.592  0.814   0.055 -0.029  0.130
 0.588 -4.498 81.658   0.028  0.128 -0.976  -0.341 -0.592  0.814   0.042 -0.030  0.130
 0.670 -4.571 83.451   0.032  0.128 -0.976  -0.339 -0.572  0.805   0.050 -0.031  0.141
 0.752 -4.666 85.110   0.032  0.136 -0.976  -0.339 -0.572  0.805   0.039 -0.031  0.135
 0.819 -4.755 86.723   0.036  0.140 -0.984  -0.339 -0.572  0.805   0.046 -0.024  0.144
 0.881 -4.811 88.291   0.036  0.128 -0.984  -0.341 -0.569  0.816   0.048 -0.027  0.152
 0.926 -4.858 89.779   0.040  0.116 -0.996  -0.341 -0.569  0.816   0.031 -0.031  0.152
 0.984 -4.914 91.220   0.040  0.124 -0.976  -0.341 -0.569  0.816   0.040 -0.037  0.141
 1.033 -4.973 92.625   0.044  0.128 -0.988  -0.344 -0.572  0.810   0.041 -0.036  0.155
 1.050 -5.008 93.951   0.052  0.116 -0.988  -0.344 -0.572  0.810   0.042 -0.036  0.163
 1.086 -5.060 95.269   0.044  0.124 -0.984  -0.344 -0.572  0.810   0.037 -0.029  0.167
 1.150 -5.121 96.567   0.040  0.132 -0.992  -0.344 -0.572  0.810   0.035 -0.038  0.167
 1.258 -5.173 97.880   0.024  0.136 -0.984  -0.339 -0.561  0.803   0.036 -0.041  0.170
 1.339 -5.220 99.119   0.028  0.128 -0.976  -0.339 -0.561  0.803   0.030 -0.034  0.167
 1.408 -5.277 100.306   0.032  0.132 -0.972  -0.339 -0.561  0.803   0.029 -0.030  0.163
 1.469 -5.310 101.484   0.028  0.124 -0.972  -0.341 -0.555  0.814   0.031 -0.023  0.177
 1.512 -5.338 102.572   0.032  0.116 -0.980  -0.341 -0.555  0.814   0.020 -0.023  0.160
 1.573 -5.362 103.691   0.028  0.116 -0.984  -0.341 -0.555  0.814   0.018 -0.029  0.166
 1.610 -5.393 104.724   0.036  0.116 -0.980  -0.351 -0.558  0.812   0.017 -0.025  0.171
 1.631 -5.430 105.708   0.040  0.120 -0.984  -0.351 -0.558  0.812   0.022 -0.018  0.165
 1.649 -5.493 106.649   0.044  0.124 -0.988  -0.351 -0.558  0.812   0.007 -0.016  0.163
 1.694 -5.548 107.574   0.036  0.124 -0.972  -0.351 -0.558  0.812   0.007 -0.021  0.157
 1.724 -5.608 108.469   0.040  0.124 -0.976  -0.344 -0.555  0.803   0.006 -0.019  0.154
 1.771 -5.678 109.316   0.036  0.132 -0.980  -0.344 -0.555  0.803   0.002 -0.018  0.154
 1.794 -5.756 110.097   0.044  0.132 -0.980  -0.344 -0.555  0.803   0.001 -0.013  0.146
 1.836 -5.804 110.883   0.040  0.128 -0.984  -0.346 -0.543  0.814   0.008 -0.025  0.140
 1.855 -5.873 111.607   0.048  0.128 -0.984  -0.346 -0.543  0.814  -0.003 -0.019  0.133
 1.911 -5.926 112.384   0.036  0.132 -0.992  -0.346 -0.543  0.814   0.002 -0.021  0.134
 1.956 -5.995 113.126   0.040  0.132 -0.988  -0.359 -0.555  0.810  -0.008 -0.016  0.128
 1.983 -6.065 113.809   0.048  0.132 -0.980  -0.359 -0.555  0.810  -0.002 -0.020  0.123
 2.038 -6.113 114.488   0.036  0.132 -0.980  -0.359 -0.555  0.810   0.001 -0.021  0.112
 2.081 -6.188 115.121   0.044  0.136 -0.988  -0.359 -0.555  0.810  -0.010 -0.019  0.111
 2.110 -6.259 115.679   0.048  0.136 -0.980  -0.359 -0.555  0.810  -0.006 -0.019  0.102
 2.155 -6.324 116.236   0.040  0.136 -0.972  -0.359 -0.555  0.810  -0.009 -0.015  0.099
 2.208 -6.361 116.765   0.032  0.128 -0.968  -0.359 -0.555  0.810  -0.009 -0.016  0.088
 2.236 -6.377 117.252   0.032  0.120 -0.980  -0.354 -0.549  0.812  -0.005 -0.009  0.090
 2.256 -6.363 117.728   0.024  0.124 -0.980  -0.354 -0.549  0.812   0.028  0.004  0.073
 2.085 -6.156 118.151   0.012  0.132 -1.008  -0.354 -0.549  0.812   0.261  0.101  0.024
 1.698 -5.851 118.383   0.024  0.096 -1.020  -0.364 -0.549  0.805   0.364  0.189 -0.045
 1.330 -5.695 118.503   0.044  0.092 -1.020  -0.364 -0.549  0.805   0.251  0.197 -0.088
 1.092 -5.678 118.552   0.060  0.076 -1.008  -0.364 -0.549  0.805   0.072  0.123 -0.096
 1.131 -5.909 118.638   0.072  0.088 -0.992  -0.364 -0.549  0.805  -0.201 -0.003 -0.075
 1.314 -6.203 118.913   0.060  0.092 -0.984  -0.367 -0.523  0.806  -0.305 -0.049 -0.015
 1.438 -6.423 119.350   0.064  0.120 -0.980  -0.367 -0.523  0.806  -0.175 -0.035  0.099
 1.493 -6.462 120.023   0.064  0.140 -0.968  -0.367 -0.523  0.806   0.028 -0.052  0.286
 1.639 -6.646 120.873   0.068  0.188 -0.956  -0.367 -0.555  0.806  -0.022 -0.056  0.437
 1.735 -7.101 121.666   0.060  0.196 -0.972  -0.367 -0.555  0.806  -0.201  0.130  0.387
 1.517 -7.671 122.069   0.088  0.168 -1.024  -0.367 -0.555  0.806  -0.233  0.350  0.244
 1.368 -8.167 122.371   0.140  0.176 -1.016  -0.395 -0.566  0.795  -0.192  0.158  0.204
 1.352 -8.583 122.281   0.152  0.204 -0.984  -0.395 -0.566  0.795  -0.140  0.018 -0.143
 1.239 -8.904 121.848   0.156  0.228 -0.984  -0.395 -0.566  0.795   0.007  0.051 -0.456
 1.093 -9.280 121.326   0.168  0.216 -0.988  -0.398 -0.575  0.791  -0.069  0.084 -0.490
 0.978 -9.733 120.890   0.188  0.236 -0.984  -0.398 -0.575  0.791  -0.113  0.063 -0.413
 0.887 -10.109 120.452   0.208  0.248 -0.964  -0.398 -0.575  0.791  -0.055 -0.034 -0.389
 0.769 -10.461 119.863   0.224  0.224 -0.976  -0.398 -0.575  0.791  -0.102 -0.063 -0.434
 0.532 -10.877 119.036   0.228  0.216 -0.972  -0.388 -0.607  0.805  -0.147  0.025 -0.506
 0.252 -11.306 118.231   0.232  0.232 -0.972  -0.388 -0.607  0.805  -0.120  0.068 -0.516
 0.030 -11.864 117.458   0.228  0.236 -0.972  -0.388 -0.607  0.805  -0.244  0.101 -0.541
-0.281 -12.564 116.413   0.228  0.240 -0.976  -0.380 -0.659  0.788  -0.349  0.214 -0.682
-0.677 -13.349 115.439   0.236  0.304 -0.980  -0.380 -0.659  0.788  -0.283  0.327 -0.695
-0.937 -13.873 114.783   0.244  0.320 -1.000  -0.380 -0.659  0.788  -0.132  0.139 -0.477
-0.879 -14.333 114.795   0.196  0.340 -0.984  -0.380 -0.676  0.778  -0.134  0.015 -0.133
-0.965 -14.825 115.082   0.168  0.320 -0.984  -0.380 -0.676  0.778  -0.151  0.208  0.086
-1.176 -15.334 115.416   0.164  0.272 -0.984  -0.380 -0.676  0.778  -0.230  0.305  0.232
-1.310 -16.018 115.861   0.192  0.264 -0.984  -0.380 -0.676  0.778  -0.437  0.250  0.414
-1.209 -16.687 116.775   0.176  0.320 -0.980  -0.403 -0.705  0.773  -0.396  0.166  0.633
-1.075 -17.298 117.919   0.148  0.356 -0.968  -0.403 -0.705  0.773  -0.287  0.235  0.718
-0.987 -17.878 118.944   0.148  0.328 -0.968  -0.403 -0.705  0.773  -0.320  0.251  0.713
-0.768 -18.561 120.074   0.140  0.348 -0.968  -0.447 -0.705  0.754  -0.402  0.291  0.623
-0.678 -19.179 121.300   0.156  0.356 -0.976  -0.447 -0.705  0.754  -0.312  0.338  0.802
-0.714 -19.737 122.546   0.180  0.304 -0.980  -0.447 -0.705  0.754  -0.331  0.304  0.987
-0.622 -20.337 124.142   0.200  0.288 -0.984  -0.501 -0.694  0.742  -0.435  0.252  1.176
-0.286 -20.622 125.744   0.152  0.296 -0.996  -0.501 -0.694  0.742  -0.329  0.094  1.124
 0.226 -21.053 127.159   0.112  0.300 -0.964  -0.501 -0.694  0.742  -0.490  0.159  0.873
 0.197 -21.270 128.036   0.128  0.268 -0.972  -0.501 -0.694  0.742  -0.174  0.343  0.695
 0.243 -21.629 128.680   0.148  0.272 -0.972  -0.545 -0.688  0.737  -0.287  0.365  0.414
 0.058 -22.338 129.270   0.208  0.272 -0.964  -0.545 -0.688  0.737  -0.438  0.559  0.568
 0.017 -22.997 130.351   0.216  0.292 -0.956  -0.545 -0.688  0.737  -0.440  0.455  0.956
 0.496 -23.741 132.021   0.196  0.336 -0.960  -0.602 -0.685  0.711  -0.636  0.344  1.087
 1.002 -24.331 133.787   0.180  0.376 -0.976  -0.602 -0.685  0.711  -0.459  0.339  1.060
 1.442 -24.581 135.232   0.172  0.376 -0.972  -0.602 -0.685  0.711  -0.255  0.211  0.910
 1.589 -24.685 136.148   0.168  0.316 -0.944  -0.646 -0.668  0.692  -0.092  0.283  0.534
 1.441 -25.054 136.483   0.184  0.272 -0.932  -0.646 -0.668  0.692  -0.196  0.539  0.286
 1.167 -25.700 136.905   0.244  0.268 -0.916  -0.646 -0.668  0.692  -0.312  0.610  0.488
 1.029 -26.087 137.587   0.300  0.244 -0.936  -0.646 -0.668  0.692  -0.363  0.280  0.831
 1.447 -26.150 138.810   0.280  0.240 -0.940  -0.703 -0.662  0.677  -0.454 -0.115  0.956
 2.050 -26.111 140.122   0.236  0.240 -0.928  -0.703 -0.662  0.677  -0.489 -0.177  0.942
 2.517 -26.316 141.129   0.232  0.272 -0.908  -0.703 -0.662  0.677  -0.467  0.070  0.711
 2.742 -26.725 141.995   0.260  0.292 -0.900  -0.718 -0.645  0.664  -0.384  0.293  0.646
 2.776 -27.126 142.590   0.292  0.276 -0.888  -0.718 -0.645  0.664  -0.329  0.293  0.578
 2.761 -27.329 142.937   0.300  0.256 -0.900  -0.718 -0.645  0.664  -0.267  0.164  0.444
 2.981 -27.249 143.356   0.284  0.268 -0.908  -0.734 -0.647  0.654  -0.220 -0.076  0.363
 3.402 -26.864 143.730   0.224  0.276 -0.912  -0.734 -0.647  0.654  -0.141 -0.236  0.177
 3.737 -26.341 143.934   0.180  0.252 -0.916  -0.734 -0.647  0.654  -0.064 -0.220  0.067
 3.952 -26.107 144.087   0.192  0.244 -0.916  -0.734 -0.647  0.654  -0.160 -0.016  0.094
 4.084 -26.167 144.333   0.228  0.264 -0.916  -0.742 -0.642  0.658  -0.218  0.153  0.190
 4.204 -26.163 144.696   0.232  0.260 -0.912  -0.742 -0.642  0.658  -0.192  0.100  0.314
 4.402 -26.046 145.163   0.232  0.260 -0.904  -0.742 -0.642  0.658  -0.184 -0.021  0.383
 4.632 -25.836 145.639   0.228  0.244 -0.904  -0.755 -0.639  0.645  -0.193 -0.101  0.388
 4.813 -25.447 145.927   0.236  0.248 -0.892  -0.755 -0.639  0.645  -0.064 -0.240  0.258
 5.041 -24.900 146.176   0.228  0.252 -0.892  -0.755 -0.639  0.645  -0.002 -0.368  0.201
 5.267 -24.349 146.402   0.212  0.248 -0.892  -0.731 -0.636  0.662  -0.006 -0.362  0.207
 5.337 -23.907 146.629   0.204  0.236 -0.888  -0.731 -0.636  0.662   0.023 -0.224  0.281
 5.410 -23.399 146.889   0.196  0.244 -0.884  -0.731 -0.636  0.662   0.084 -0.266  0.294
 5.526 -22.895 147.111   0.176  0.244 -0.884  -0.731 -0.636  0.662   0.069 -0.249  0.236
 5.578 -22.542 147.327   0.156  0.220 -0.880  -0.736 -0.621  0.677   0.006 -0.080  0.236
 5.566 -22.301 147.490   0.164  0.208 -0.888  -0.736 -0.621  0.677  -0.037 -0.004  0.245
 5.639 -22.035 147.561   0.168  0.208 -0.884  -0.736 -0.621  0.677  -0.077 -0.078  0.146
 5.707 -21.830 147.560   0.180  0.196 -0.884  -0.726 -0.613  0.671  -0.135 -0.075  0.117
 5.848 -21.694 147.672   0.176  0.204 -0.896  -0.726 -0.613  0.671  -0.198 -0.045  0.177
 5.937 -21.653 147.858   0.188  0.228 -0.880  -0.726 -0.613  0.671  -0.146  0.018  0.232
 5.976 -21.639 147.965   0.208  0.244 -0.860  -0.729 -0.613  0.669  -0.080  0.009  0.170
 5.933 -21.619 147.914   0.208  0.220 -0.816  -0.729 -0.613  0.669  -0.059  0.003  0.096
 5.829 -21.565 147.745   0.208  0.216 -0.808  -0.729 -0.613  0.669  -0.006 -0.002  0.018
 5.608 -21.473 147.445   0.192  0.192 -0.796  -0.729 -0.613  0.669   0.044  0.045 -0.042
 5.316 -21.400 147.108   0.176  0.164 -0.788  -0.731 -0.624  0.667   0.019  0.113 -0.011
 5.055 -21.534 146.738   0.168  0.136 -0.764  -0.731 -0.624  0.667  -0.158  0.254 -0.023
 4.893 -21.683 146.334   0.164  0.132 -0.772  -0.731 -0.624  0.667  -0.242  0.243 -0.093
 4.860 -21.681 145.972   0.156  0.136 -0.784  -0.744 -0.636  0.648  -0.246  0.111 -0.110
 4.951 -21.466 145.733   0.132  0.128 -0.788  -0.744 -0.636  0.648  -0.239 -0.025 -0.072
 5.130 -21.236 145.671   0.088  0.132 -0.764  -0.744 -0.636  0.648  -0.248  0.021 -0.017
 4.989 -20.930 145.450   0.028  0.116 -0.752  -0.752 -0.656  0.654  -0.024  0.258 -0.064
 4.525 -20.636 144.843  -0.140  0.052 -0.720  -0.752 -0.656  0.654   0.056  0.851 -0.324
 4.057 -21.299 144.360  -0.184  0.052 -0.688  -0.752 -0.656  0.654  -0.404  1.663 -0.247
 3.231 -22.094 143.724  -0.148  0.116 -0.676  -0.752 -0.656  0.654  -0.075  1.842 -0.323
 2.415 -22.415 142.903  -0.068  0.136 -0.700  -0.824 -0.699  0.596   0.190  1.336 -0.467
 1.350 -22.434 141.845  -0.004  0.132 -0.728  -0.824 -0.699  0.596   0.469  1.100 -0.572
 0.409 -21.632 140.672   0.060  0.148 -0.768  -0.824 -0.699  0.596   0.852  0.374 -0.714
-0.355 -19.901 139.403   0.112  0.164 -0.808  -0.853 -0.702  0.555   1.306 -0.401 -0.895
-0.669 -17.519 138.189   0.132  0.140 -0.856  -0.853 -0.702  0.555   1.385 -1.082 -0.989
-0.295 -15.086 137.255   0.112  0.104 -0.924  -0.853 -0.702  0.555   1.047 -1.538 -0.991
 0.642 -12.789 136.379   0.076  0.092 -0.984  -0.747 -0.708  0.624   0.629 -1.767 -0.951
 1.744 -10.572 135.626   0.044  0.116 -1.036  -0.747 -0.708  0.624   0.573 -1.814 -0.921
 2.702 -8.356 134.919   0.016  0.160 -1.096  -0.747 -0.708  0.624   0.774 -1.739 -0.910
 3.230 -6.137 133.948  -0.016  0.200 -1.148  -0.607 -0.720  0.688   1.136 -1.508 -0.943
 3.241 -3.978 132.909  -0.044  0.220 -1.204  -0.607 -0.720  0.688   1.490 -1.147 -1.017
 2.885 -1.954 131.838  -0.060  0.208 -1.248  -0.607 -0.720  0.688   1.662 -0.836 -1.057
 2.230 -0.256 130.727  -0.052  0.184 -1.308  -0.607 -0.720  0.688   1.648 -0.486 -1.097
 1.622  1.024 129.522  -0.024  0.164 -1.372  -0.509 -0.668  0.737   1.375 -0.328 -1.110
 1.282  2.040 128.341   0.024  0.156 -1.420  -0.509 -0.668  0.737   1.086 -0.425 -1.072
 1.216  2.986 127.245   0.052  0.188 -1.456  -0.509 -0.668  0.737   0.971 -0.607 -1.033
 1.430  4.098 126.141   0.080  0.216 -1.500  -0.429 -0.630  0.771   1.008 -0.932 -0.946
 1.808  5.457 125.186   0.092  0.236 -1.516  -0.429 -0.630  0.771   1.163 -1.199 -0.842
 2.219  6.964 124.440   0.068  0.240 -1.532  -0.429 -0.630  0.771   1.300 -1.286 -0.717
 2.484  8.440 123.724   0.036  0.232 -1.548  -0.326 -0.569  0.810   1.388 -1.156 -0.610
 2.525  9.707 123.203   0.024  0.216 -1.540  -0.326 -0.569  0.810   1.370 -0.902 -0.491
 2.469 10.751 122.760   0.024  0.200 -1.524  -0.326 -0.569  0.810   1.278 -0.742 -0.439
 2.421 11.682 122.345   0.036  0.216 -1.492  -0.326 -0.569  0.810   1.251 -0.720 -0.433
 2.391 12.680 121.816   0.044  0.224 -1.456  -0.235 -0.480  0.827   1.346 -0.784 -0.430
 2.375 13.876 121.261   0.060  0.216 -1.412  -0.235 -0.480  0.827   1.521 -0.913 -0.422
 2.435 15.202 120.701   0.064  0.204 -1.352  -0.235 -0.480  0.827   1.623 -1.044 -0.405
 2.576 16.535 119.882   0.056  0.184 -1.304  -0.140 -0.379  0.863   1.633 -1.094 -0.383
 2.806 17.736 119.149   0.040  0.160 -1.252  -0.140 -0.379  0.863   1.522 -1.087 -0.341
 3.128 18.704 118.470   0.036  0.148 -1.212  -0.140 -0.379  0.863   1.340 -1.059 -0.287
 3.588 19.483 117.443   0.028  0.144 -1.168  -0.057 -0.272  0.883   1.197 -1.048 -0.229
 4.051 20.134 116.561   0.024  0.144 -1.116  -0.057 -0.272  0.883   1.138 -1.007 -0.169
 4.441 20.725 115.943   0.012  0.140 -1.084  -0.057 -0.272  0.883   1.141 -0.932 -0.092
 4.717 21.292 115.513   0.008  0.140 -1.048  -0.057 -0.272  0.883   1.187 -0.847 -0.030
 5.102 21.836 114.003   0.008  0.144 -1.004   0.005 -0.179  0.895   1.182 -0.797  0.013
 5.529 22.284 112.418   0.016  0.128 -0.980   0.005 -0.179  0.895   1.096 -0.775  0.033
 5.997 22.546 110.938   0.020  0.100 -0.956   0.005 -0.179  0.895   0.927 -0.746  0.058
 6.740 23.240 108.884   0.020  0.104 -0.920   0.065 -0.090  0.902   0.752 -0.713  0.089
 7.549 23.723 106.755   0.016  0.096 -0.888   0.065 -0.090  0.902   0.639 -0.685  0.121
 8.377 24.042 104.720   0.008  0.100 -0.864   0.065 -0.090  0.902   0.508 -0.636  0.143
 9.130 24.348 103.022   0.004  0.108 -0.832   0.116 -0.058  0.902   0.435 -0.560  0.155
 9.815 24.578 101.402   0.004  0.112 -0.816   0.116 -0.058  0.902   0.398 -0.488  0.174
10.437 24.736 99.763   0.000  0.108 -0.812   0.116 -0.058  0.902   0.384 -0.416  0.177
11.020 24.721 97.932  -0.004  0.088 -0.792   0.116 -0.058  0.902   0.337 -0.343  0.173
11.540 24.604 96.232  -0.004  0.080 -0.784   0.140 -0.023  0.897   0.227 -0.269  0.183
11.961 24.275 94.444   0.008  0.072 -0.768   0.140 -0.023  0.897   0.103 -0.179  0.192
12.315 23.847 92.721   0.000  0.076 -0.752   0.140 -0.023  0.897   0.020 -0.126  0.185
12.560 23.326 91.187  -0.004  0.092 -0.748   0.158 -0.012  0.897  -0.094 -0.060  0.203
12.733 22.640 89.555   0.000  0.084 -0.740   0.158 -0.012  0.897  -0.203 -0.010  0.187
12.840 21.816 87.848   0.000  0.072 -0.728   0.158 -0.012  0.897  -0.285  0.029  0.196
12.846 20.851 86.069  -0.004  0.084 -0.740   0.152 -0.043  0.897  -0.353  0.064  0.187
12.754 19.777 84.321  -0.004  0.088 -0.752   0.152 -0.043  0.897  -0.459  0.103  0.200
12.544 18.554 82.577   0.000  0.088 -0.772   0.152 -0.043  0.897  -0.592  0.147  0.220
12.222 17.224 80.823   0.000  0.080 -0.788   0.152 -0.043  0.897  -0.681  0.190  0.244
11.646 15.677 79.121   0.000  0.096 -0.800   0.145 -0.098  0.893  -0.798  0.269  0.275
10.887 14.084 77.476  -0.004  0.100 -0.828   0.145 -0.098  0.893  -0.896  0.367  0.303
 9.947 12.514 75.884   0.004  0.108 -0.860   0.145 -0.098  0.893  -0.962  0.461  0.341
 8.693 10.806 74.994   0.004  0.108 -0.888   0.116 -0.185  0.898  -1.014  0.552  0.371
 7.353  9.111 74.154   0.000  0.108 -0.888   0.116 -0.185  0.898  -1.089  0.616  0.391
 5.919  7.473 73.315   0.004  0.112 -0.916   0.116 -0.185  0.898  -1.143  0.687  0.421
 4.372  5.878 73.762   0.012  0.108 -0.948   0.062 -0.277  0.883  -1.183  0.750  0.447
 2.810  4.325 74.120   0.016  0.116 -0.976   0.062 -0.277  0.883  -1.205  0.809  0.468
 1.265  2.796 74.433   0.016  0.124 -1.000   0.062 -0.277  0.883  -1.234  0.845  0.492
-0.256  1.308 74.738   0.012  0.132 -1.040   0.062 -0.277  0.883  -1.250  0.884  0.504
-1.690 -0.163 75.924   0.016  0.140 -1.072  -0.010 -0.379  0.874  -1.258  0.905  0.521
-3.032 -1.610 77.100   0.008  0.144 -1.120  -0.010 -0.379  0.874  -1.261  0.921  0.535
-4.338 -3.001 78.190   0.016  0.148 -1.156  -0.010 -0.379  0.874  -1.243  0.950  0.574
-5.531 -4.353 79.737   0.020  0.152 -1.192  -0.093 -0.471  0.859  -1.210  0.962  0.615
-6.634 -5.678 81.284   0.012  0.148 -1.232  -0.093 -0.471  0.859  -1.210  0.976  0.666
-7.670 -6.993 82.815   0.008  0.160 -1.276  -0.093 -0.471  0.859  -1.203  1.000  0.705
-8.614 -8.307 84.671   0.008  0.168 -1.304  -0.196 -0.558  0.825  -1.185  1.026  0.761
-9.521 -9.565 86.498   0.020  0.176 -1.340  -0.196 -0.558  0.825  -1.137  1.054  0.835
-10.358 -10.773 88.305   0.024  0.180 -1.376  -0.196 -0.558  0.825  -1.100  1.061  0.898
-11.138 -11.955 90.088   0.024  0.184 -1.388  -0.196 -0.558  0.825  -1.080  1.081  0.947
-11.822 -13.137 92.110   0.024  0.184 -1.396  -0.302 -0.618  0.795  -1.061  1.093  0.993
-12.446 -14.282 94.111   0.024  0.188 -1.420  -0.302 -0.618  0.795  -1.032  1.108  1.046
-13.012 -15.375 96.085   0.028  0.188 -1.416  -0.302 -0.618  0.795  -0.991  1.112  1.097
-13.503 -16.440 98.287   0.020  0.184 -1.420  -0.429 -0.671  0.776  -0.947  1.144  1.143
-13.971 -17.470 100.449   0.020  0.188 -1.408  -0.429 -0.671  0.776  -0.906  1.185  1.185
-14.384 -18.455 102.551   0.024  0.188 -1.384  -0.429 -0.671  0.776  -0.865  1.185  1.203
-14.711 -19.402 104.775   0.028  0.168 -1.344  -0.556 -0.697  0.716  -0.829  1.172  1.199
-14.979 -20.307 106.923   0.036  0.168 -1.320  -0.556 -0.697  0.716  -0.792  1.159  1.202
-15.196 -21.124 109.005   0.036  0.168 -1.276  -0.556 -0.697  0.716  -0.716  1.144  1.204
-15.364 -21.877 110.991   0.044  0.172 -1.260  -0.556 -0.697  0.716  -0.659  1.121  1.184
-15.400 -22.553 113.131   0.044  0.164 -1.208  -0.674 -0.682  0.669  -0.584  1.056  1.155
-15.343 -23.090 115.168   0.040  0.160 -1.176  -0.674 -0.682  0.669  -0.498  0.978  1.104
-15.206 -23.515 117.115   0.028  0.160 -1.152  -0.674 -0.682  0.669  -0.429  0.924  1.055
-14.984 -23.901 119.119   0.032  0.144 -1.108  -0.775 -0.653  0.635  -0.405  0.873  0.987
-14.685 -24.244 121.030   0.028  0.144 -1.080  -0.775 -0.653  0.635  -0.396  0.828  0.936
-14.345 -24.570 122.818   0.032  0.148 -1.048  -0.775 -0.653  0.635  -0.385  0.802  0.870
-14.004 -24.803 124.476   0.024  0.144 -1.020  -0.775 -0.653  0.635  -0.323  0.783  0.806
-13.703 -24.966 126.014   0.028  0.140 -0.976  -0.775 -0.653  0.635  -0.253  0.774  0.768
-13.414 -25.046 127.412   0.024  0.136 -0.960  -0.775 -0.653  0.635  -0.195  0.748  0.696
-13.101 -25.039 128.697   0.020  0.132 -0.924  -0.775 -0.653  0.635  -0.146  0.695  0.628
-12.714 -24.965 130.132   0.020  0.128 -0.880  -0.904 -0.590  0.558  -0.081  0.631  0.559
-12.317 -24.827 131.474   0.020  0.132 -0.868  -0.904 -0.590  0.558  -0.035  0.586  0.513
-11.923 -24.608 132.683   0.024  0.120 -0.824  -0.904 -0.590  0.558   0.005  0.519  0.442
-11.462 -24.309 133.874   0.024  0.112 -0.800  -0.948 -0.566  0.539   0.019  0.425  0.371
-10.968 -23.931 134.948   0.028  0.112 -0.776  -0.948 -0.566  0.539   0.055  0.333  0.291
-10.431 -23.489 135.935   0.024  0.112 -0.748  -0.948 -0.566  0.539   0.072  0.260  0.226
-9.874 -22.944 136.778   0.024  0.108 -0.720  -0.948 -0.566  0.539   0.116  0.161  0.122
-9.272 -22.301 137.562   0.024  0.104 -0.696  -0.961 -0.529  0.519   0.151  0.052  0.016
-8.689 -21.544 138.185   0.032  0.096 -0.696  -0.961 -0.529  0.519   0.199 -0.065 -0.089
-8.065 -20.737 138.736   0.036  0.112 -0.676  -0.961 -0.529  0.519   0.254 -0.158 -0.160
-7.457 -19.799 139.103   0.040  0.108 -0.676  -0.961 -0.555  0.530   0.311 -0.288 -0.257
-6.791 -18.720 139.390   0.036  0.112 -0.696  -0.961 -0.555  0.530   0.353 -0.437 -0.335
-6.145 -17.521 139.553   0.044  0.100 -0.708  -0.961 -0.555  0.530   0.392 -0.575 -0.412
-5.468 -16.205 139.543   0.052  0.108 -0.728  -0.922 -0.572  0.560   0.446 -0.740 -0.509
-4.740 -14.747 139.420   0.048  0.108 -0.752  -0.922 -0.572  0.560   0.488 -0.899 -0.616
-3.971 -13.162 139.199   0.040  0.112 -0.780  -0.922 -0.572  0.560   0.542 -1.037 -0.713
-3.197 -11.525 138.910   0.036  0.128 -0.816  -0.922 -0.572  0.560   0.607 -1.115 -0.787
-2.486 -9.817 138.400   0.032  0.128 -0.852  -0.840 -0.590  0.603   0.681 -1.184 -0.866
-1.833 -8.104 137.797   0.032  0.132 -0.892  -0.840 -0.590  0.603   0.742 -1.209 -0.947
-1.220 -6.398 137.154   0.020  0.148 -0.940  -0.840 -0.590  0.603   0.812 -1.204 -1.006
-0.712 -4.741 136.305   0.024  0.144 -0.988  -0.739 -0.607  0.660   0.854 -1.184 -1.042
-0.279 -3.114 135.417   0.024  0.144 -1.032  -0.739 -0.607  0.660   0.911 -1.165 -1.086
 0.129 -1.534 134.526   0.020  0.132 -1.032  -0.739 -0.607  0.660   0.917 -1.155 -1.101
 0.534 -0.051 133.484   0.024  0.144 -1.072  -0.628 -0.621  0.709   0.913 -1.150 -1.088
 0.964  1.377 132.513   0.012  0.144 -1.116  -0.628 -0.621  0.709   0.898 -1.143 -1.061
 1.363  2.720 131.594   0.020  0.136 -1.168  -0.628 -0.621  0.709   0.879 -1.122 -1.018
 1.758  3.918 130.779   0.024  0.156 -1.220  -0.628 -0.621  0.709   0.847 -1.070 -0.965
 2.165  4.993 129.878   0.016  0.168 -1.236  -0.525 -0.613  0.748   0.812 -1.029 -0.929
 2.546  5.936 129.034   0.020  0.176 -1.288  -0.525 -0.613  0.748   0.772 -0.968 -0.903
 2.887  6.830 128.215   0.024  0.168 -1.336  -0.525 -0.613  0.748   0.768 -0.944 -0.888
 3.165  7.695 127.267   0.032  0.192 -1.380  -0.411 -0.584  0.782   0.845 -0.921 -0.860
 3.411  8.571 126.419   0.020  0.208 -1.400  -0.411 -0.584  0.782   0.913 -0.900 -0.842
 3.572  9.488 125.649   0.032  0.212 -1.428  -0.411 -0.584  0.782   1.016 -0.892 -0.794
 3.705 10.451 124.789   0.028  0.208 -1.440  -0.326 -0.543  0.810   1.096 -0.906 -0.760
 3.836 11.432 123.977   0.044  0.204 -1.444  -0.326 -0.543  0.810   1.139 -0.945 -0.710
 3.996 12.389 123.226   0.048  0.204 -1.432  -0.326 -0.543  0.810   1.146 -0.969 -0.671
 4.173 13.328 122.547   0.044  0.188 -1.416  -0.326 -0.543  0.810   1.141 -0.979 -0.615
 4.356 14.243 121.724   0.048  0.184 -1.388  -0.233 -0.486  0.835   1.166 -0.987 -0.549
 4.565 15.159 121.025   0.040  0.188 -1.352  -0.233 -0.486  0.835   1.201 -1.005 -0.491
 4.763 16.070 120.427   0.028  0.176 -1.312  -0.233 -0.486  0.835   1.223 -0.989 -0.445
 5.005 16.902 119.561   0.036  0.160 -1.260  -0.140 -0.399  0.859   1.183 -0.996 -0.399
 5.320 17.599 118.703   0.048  0.156 -1.208  -0.140 -0.399  0.859   1.089 -1.015 -0.344
 5.705 18.200 117.900   0.044  0.144 -1.172  -0.140 -0.399  0.859   1.005 -1.028 -0.300
 6.187 18.681 116.638   0.036  0.136 -1.140  -0.054 -0.329  0.880   0.918 -1.006 -0.258
 6.638 19.046 115.534   0.032  0.140 -1.108  -0.054 -0.329  0.880   0.879 -0.946 -0.192
 7.060 19.309 114.621   0.024  0.144 -1.064  -0.054 -0.329  0.880   0.844 -0.891 -0.127
 7.465 19.476 113.791   0.024  0.152 -1.024  -0.054 -0.329  0.880   0.810 -0.857 -0.099
 7.940 19.628 112.274   0.016  0.128 -0.988   0.016 -0.263  0.885   0.773 -0.813 -0.065
 8.348 19.676 110.794   0.020  0.136 -0.956   0.016 -0.263  0.885   0.746 -0.737 -0.023
 8.720 19.669 109.392   0.024  0.112 -0.932   0.016 -0.263  0.885   0.690 -0.697 -0.003
 9.250 19.673 107.293   0.008  0.104 -0.892   0.075 -0.197  0.897   0.618 -0.657  0.014
 9.772 19.529 105.126   0.016  0.116 -0.868   0.075 -0.197  0.897   0.503 -0.607  0.028
10.229 19.221 103.111   0.008  0.104 -0.848   0.075 -0.197  0.897   0.426 -0.543  0.025
10.711 18.952 100.853   0.008  0.096 -0.836   0.121 -0.168  0.898   0.370 -0.482  0.027
11.125 18.578 98.683   0.008  0.080 -0.812   0.121 -0.168  0.898   0.323 -0.438  0.027
11.444 18.117 96.507   0.016  0.088 -0.796   0.121 -0.168  0.898   0.255 -0.365  0.022
11.687 17.553 94.412   0.012  0.084 -0.788   0.121 -0.168  0.898   0.195 -0.313  0.031
11.883 16.991 92.232   0.008  0.096 -0.784   0.145 -0.145  0.895   0.144 -0.234  0.038
11.990 16.296 90.105   0.008  0.092 -0.780   0.145 -0.145  0.895   0.045 -0.180  0.046
11.984 15.475 88.047   0.000  0.092 -0.768   0.145 -0.145  0.895  -0.050 -0.104  0.064
11.886 14.582 86.011   0.000  0.092 -0.768   0.163 -0.142  0.900  -0.136 -0.047  0.071
11.700 13.629 84.013  -0.004  0.100 -0.772   0.163 -0.142  0.900  -0.203 -0.002  0.093
11.404 12.615 82.053   0.004  0.108 -0.792   0.163 -0.142  0.900  -0.295  0.043  0.115
10.927 11.461 80.373   0.000  0.100 -0.788   0.155 -0.179  0.897  -0.382  0.103  0.124
10.304 10.248 78.859  -0.004  0.096 -0.820   0.155 -0.179  0.897  -0.484  0.192  0.167
 9.550  9.054 77.501   0.004  0.080 -0.836   0.155 -0.179  0.897  -0.559  0.267  0.185
 8.650  7.816 76.055   0.004  0.104 -0.856   0.155 -0.179  0.897  -0.650  0.356  0.211
 7.556  6.573 75.065   0.012  0.108 -0.876   0.129 -0.220  0.887  -0.718  0.451  0.243
 6.374  5.367 74.115   0.008  0.116 -0.908   0.129 -0.220  0.887  -0.755  0.531  0.267
 5.117  4.219 73.115   0.016  0.124 -0.928   0.129 -0.220  0.887  -0.787  0.586  0.291
 3.822  3.074 72.997   0.008  0.124 -0.956   0.096 -0.286  0.885  -0.831  0.638  0.316
 2.535  1.932 72.954   0.000  0.128 -0.964   0.096 -0.286  0.885  -0.874  0.674  0.350
 1.219  0.850 72.882   0.008  0.124 -0.988   0.096 -0.286  0.885  -0.901  0.721  0.375
-0.023 -0.281 73.776   0.000  0.144 -1.008   0.026 -0.367  0.874  -0.939  0.747  0.394
-1.249 -1.403 74.606   0.004  0.148 -1.032   0.026 -0.367  0.874  -0.961  0.776  0.420
-2.472 -2.492 75.322   0.016  0.144 -1.064   0.026 -0.367  0.874  -0.983  0.801  0.443
-3.645 -3.551 76.028   0.016  0.140 -1.092   0.026 -0.367  0.874  -0.995  0.813  0.469
-4.728 -4.619 77.323   0.012  0.144 -1.112  -0.049 -0.434  0.857  -1.001  0.845  0.493
-5.790 -5.670 78.562   0.016  0.152 -1.144  -0.049 -0.434  0.857  -0.996  0.880  0.521
-6.833 -6.703 79.801   0.012  0.152 -1.168  -0.049 -0.434  0.857  -1.002  0.932  0.565
-7.810 -7.713 81.355   0.012  0.152 -1.200  -0.124 -0.506  0.848  -0.980  0.969  0.606
-8.760 -8.692 82.900   0.012  0.152 -1.264  -0.124 -0.506  0.848  -0.972  1.007  0.668
-9.704 -9.664 84.398   0.020  0.148 -1.220  -0.124 -0.506  0.848  -0.969  1.046  0.722
-10.577 -10.675 86.227   0.028  0.156 -1.244  -0.235 -0.578  0.821  -0.964  1.067  0.782
-11.391 -11.686 88.004   0.032  0.164 -1.256  -0.235 -0.578  0.821  -0.951  1.077  0.806
-12.156 -12.667 89.759   0.036  0.172 -1.280  -0.235 -0.578  0.821  -0.917  1.092  0.857
-12.826 -13.622 91.523   0.032  0.180 -1.284  -0.235 -0.578  0.821  -0.884  1.077  0.909
-13.393 -14.568 93.543   0.028  0.176 -1.296  -0.349 -0.621  0.786  -0.852  1.082  0.942
-13.880 -15.483 95.524   0.028  0.180 -1.308  -0.349 -0.621  0.786  -0.821  1.068  0.966
-14.306 -16.355 97.470   0.032  0.172 -1.316  -0.349 -0.621  0.786  -0.802  1.055  1.009
-14.640 -17.215 99.591   0.028  0.176 -1.288  -0.460 -0.659  0.763  -0.754  1.056  1.027
-14.948 -18.025 101.647   0.032  0.172 -1.296  -0.460 -0.659  0.763  -0.718  1.067  1.048
-15.214 -18.751 103.640   0.028  0.168 -1.284  -0.460 -0.659  0.763  -0.653  1.066  1.053
-15.415 -19.455 105.790   0.024  0.164 -1.264  -0.576 -0.665  0.711  -0.604  1.075  1.060
-15.543 -20.116 107.872   0.028  0.168 -1.236  -0.576 -0.665  0.711  -0.564  1.043  1.052
-15.604 -20.722 109.879   0.028  0.160 -1.216  -0.576 -0.665  0.711  -0.538  1.007  1.041
-15.596 -21.240 111.819   0.024  0.156 -1.188  -0.576 -0.665  0.711  -0.482  0.963  1.025
-15.519 -21.721 113.882   0.040  0.160 -1.172  -0.672 -0.647  0.680  -0.418  0.919  1.022
-15.351 -22.091 115.886   0.044  0.156 -1.136  -0.672 -0.647  0.680  -0.356  0.828  1.010
-15.125 -22.396 117.801   0.036  0.144 -1.108  -0.672 -0.647  0.680  -0.340  0.786  0.977
-14.839 -22.688 119.762   0.040  0.152 -1.084  -0.755 -0.636  0.645  -0.303  0.761  0.937
-14.527 -22.922 121.593   0.036  0.148 -1.060  -0.755 -0.636  0.645  -0.273  0.734  0.873
-14.158 -23.094 123.316   0.028  0.144 -1.032  -0.755 -0.636  0.645  -0.256  0.688  0.811
-13.753 -23.217 125.073   0.024  0.132 -1.016  -0.827 -0.601  0.605  -0.231  0.659  0.760
-13.363 -23.251 126.708   0.020  0.132 -0.984  -0.827 -0.601  0.605  -0.158  0.636  0.706
-13.000 -23.193 128.222   0.028  0.128 -0.952  -0.827 -0.601  0.605  -0.083  0.587  0.662
-12.664 -23.109 129.592   0.044  0.120 -0.924  -0.827 -0.601  0.605  -0.063  0.550  0.602
-12.233 -22.964 131.017   0.036  0.120 -0.888  -0.871 -0.561  0.588  -0.038  0.477  0.547
-11.743 -22.728 132.346   0.024  0.116 -0.852  -0.871 -0.561  0.588  -0.016  0.401  0.480
-11.236 -22.401 133.554   0.024  0.112 -0.832  -0.871 -0.561  0.588   0.022  0.324  0.409
-10.654 -22.049 134.779   0.024  0.124 -0.796  -0.904 -0.540  0.583   0.044  0.257  0.359
-10.057 -21.590 135.879   0.028  0.116 -0.772  -0.904 -0.540  0.583   0.079  0.152  0.286
-9.479 -21.032 136.809   0.040  0.100 -0.752  -0.904 -0.540  0.583   0.105  0.041  0.194
-8.887 -20.345 137.664   0.032  0.088 -0.744  -0.920 -0.517  0.564   0.141 -0.058  0.108
-8.275 -19.631 138.421   0.036  0.092 -0.732  -0.920 -0.517  0.564   0.151 -0.126  0.040
-7.613 -18.814 139.076   0.028  0.104 -0.724  -0.920 -0.517  0.564   0.205 -0.228 -0.056
-6.938 -17.951 139.603   0.036  0.108 -0.712  -0.920 -0.517  0.564   0.232 -0.322 -0.153
-6.248 -16.979 139.976   0.044  0.112 -0.720  -0.897 -0.526  0.581   0.278 -0.462 -0.243
-5.562 -15.925 140.247   0.052  0.112 -0.736  -0.897 -0.526  0.581   0.314 -0.577 -0.312
-4.808 -14.760 140.443   0.048  0.124 -0.764  -0.897 -0.526  0.581   0.348 -0.714 -0.394
-4.039 -13.469 140.498   0.044  0.124 -0.780  -0.855 -0.529  0.613   0.391 -0.848 -0.474
-3.275 -12.115 140.444   0.044  0.124 -0.808  -0.855 -0.529  0.613   0.419 -0.939 -0.556
-2.530 -10.669 140.301   0.036  0.120 -0.848  -0.855 -0.529  0.613   0.459 -1.024 -0.620
-1.830 -9.188 140.027   0.032  0.120 -0.884  -0.855 -0.549  0.613   0.502 -1.071 -0.684
-1.194 -7.704 139.610   0.028  0.124 -0.932  -0.786 -0.549  0.650   0.549 -1.087 -0.737
-0.618 -6.255 139.146   0.032  0.128 -0.948  -0.786 -0.549  0.650   0.593 -1.088 -0.779
-0.102 -4.829 138.652   0.032  0.136 -0.992  -0.786 -0.549  0.650   0.646 -1.084 -0.811
 0.345 -3.404 137.974   0.032  0.132 -1.028  -0.682 -0.552  0.694   0.694 -1.100 -0.840
 0.814 -1.992 137.320   0.020  0.132 -1.056  -0.682 -0.552  0.694   0.695 -1.122 -0.844
 1.327 -0.642 136.703   0.020  0.148 -1.100  -0.682 -0.552  0.694   0.679 -1.147 -0.842
 1.839  0.617 135.929   0.016  0.156 -1.140  -0.576 -0.572  0.744   0.658 -1.136 -0.810
 2.364  1.815 135.230   0.012  0.168 -1.172  -0.576 -0.572  0.744   0.656 -1.133 -0.780
 2.854  2.920 134.561   0.016  0.156 -1.212  -0.576 -0.572  0.744   0.619 -1.101 -0.743
 3.341  3.934 133.941   0.020  0.168 -1.256  -0.576 -0.572  0.744   0.599 -1.081 -0.721
 3.769  4.850 133.168   0.024  0.164 -1.292  -0.483 -0.564  0.763   0.590 -1.033 -0.703
 4.164  5.713 132.447   0.024  0.168 -1.316  -0.483 -0.564  0.763   0.601 -1.006 -0.683
 4.527  6.541 131.773   0.028  0.176 -1.332  -0.483 -0.564  0.763   0.629 -0.994 -0.669
 4.815  7.345 130.924   0.036  0.180 -1.340  -0.380 -0.538  0.799   0.694 -0.974 -0.658
 5.051  8.169 130.156   0.036  0.188 -1.352  -0.380 -0.538  0.799   0.771 -0.968 -0.629
 5.230  9.026 129.450   0.040  0.180 -1.336  -0.380 -0.538  0.799   0.844 -0.972 -0.589
 5.431  9.850 128.588   0.040  0.184 -1.336  -0.292 -0.506  0.827   0.856 -0.988 -0.560
 5.664 10.617 127.804   0.036  0.184 -1.336  -0.292 -0.506  0.827   0.829 -0.985 -0.522
 5.910 11.377 127.085   0.032  0.172 -1.328  -0.292 -0.506  0.827   0.829 -0.998 -0.477
 6.162 12.101 126.476   0.032  0.184 -1.296  -0.292 -0.506  0.827   0.847 -0.998 -0.428
 6.423 12.796 125.699   0.020  0.176 -1.296  -0.202 -0.454  0.838   0.854 -0.985 -0.385
 6.680 13.463 124.972   0.028  0.168 -1.256  -0.202 -0.454  0.838   0.857 -0.993 -0.334
 6.961 14.070 124.272   0.036  0.168 -1.216  -0.202 -0.454  0.838   0.835 -1.004 -0.307
 7.316 14.597 123.262   0.036  0.152 -1.180  -0.119 -0.387  0.859   0.772 -1.018 -0.274
 7.710 15.061 122.292   0.036  0.140 -1.136  -0.119 -0.387  0.859   0.722 -1.026 -0.241
 8.125 15.435 121.417   0.032  0.144 -1.096  -0.119 -0.387  0.859   0.680 -1.009 -0.213
 8.591 15.719 120.008   0.024  0.140 -1.068  -0.028 -0.353  0.878   0.643 -0.966 -0.163
 9.000 15.940 118.711   0.020  0.124 -1.040  -0.028 -0.353  0.878   0.623 -0.897 -0.132
 9.390 16.054 117.527   0.016  0.132 -1.008  -0.028 -0.353  0.878   0.587 -0.850 -0.105
 9.726 16.071 116.413   0.016  0.128 -0.980  -0.028 -0.353  0.878   0.545 -0.779 -0.088
10.118 15.984 114.765   0.016  0.124 -0.952   0.034 -0.306  0.885   0.466 -0.731 -0.074
10.456 15.821 113.237   0.012  0.112 -0.932   0.034 -0.306  0.885   0.424 -0.668 -0.063
10.759 15.557 111.806   0.008  0.108 -0.900   0.034 -0.306  0.885   0.364 -0.614 -0.054
11.055 15.260 109.883   0.008  0.108 -0.880   0.093 -0.272  0.885   0.337 -0.528 -0.047
11.253 14.875 107.929   0.016  0.120 -0.864   0.093 -0.272  0.885   0.306 -0.443 -0.052
11.378 14.429 106.076   0.012  0.112 -0.860   0.093 -0.272  0.885   0.275 -0.379 -0.059
11.485 13.942 104.130   0.004  0.104 -0.832   0.129 -0.266  0.893   0.231 -0.319 -0.049
11.496 13.380 102.207   0.012  0.100 -0.828   0.129 -0.266  0.893   0.168 -0.246 -0.060
11.452 12.702 100.292   0.004  0.116 -0.812   0.129 -0.266  0.893   0.105 -0.186 -0.067
11.326 11.969 98.354   0.020  0.116 -0.804   0.129 -0.266  0.893   0.033 -0.141 -0.064
11.135 11.161 96.498   0.008  0.112 -0.788   0.127 -0.254  0.887  -0.027 -0.076 -0.059
10.868 10.308 94.775   0.004  0.104 -0.788   0.127 -0.254  0.887  -0.085 -0.019 -0.044
10.524  9.420 93.120   0.008  0.100 -0.804   0.127 -0.254  0.887  -0.149  0.030 -0.036
10.116  8.483 91.357   0.012  0.116 -0.812   0.137 -0.251  0.887  -0.208  0.072 -0.022
 9.614  7.494 89.709   0.008  0.116 -0.832   0.137 -0.251  0.887  -0.283  0.142  0.006
 8.982  6.445 88.099   0.008  0.124 -0.848   0.137 -0.251  0.887  -0.366  0.235  0.027
 7.888  5.396 86.941   0.004  0.116 -0.852   0.127 -0.289  0.887  -0.422  0.619  0.051
 7.048  4.361 85.780   0.012  0.112 -0.880   0.127 -0.289  0.887  -0.473  0.395  0.066
 6.102  3.332 84.685   0.012  0.116 -0.908   0.127 -0.289  0.887  -0.523  0.488  0.097
 5.071  2.329 83.601   0.012  0.124 -0.912   0.127 -0.289  0.887  -0.548  0.561  0.121
 4.023  1.372 83.198   0.012  0.120 -0.932   0.075 -0.335  0.883  -0.568  0.604  0.129
 2.944  0.431 82.846   0.012  0.116 -0.956   0.075 -0.335  0.883  -0.617  0.658  0.155
 1.829 -0.517 82.475   0.016  0.124 -0.976   0.075 -0.335  0.883  -0.661  0.701  0.183
 0.701 -1.470 82.564   0.024  0.128 -0.984   0.028 -0.376  0.872  -0.704  0.746  0.207
-0.416 -2.427 82.653   0.024  0.136 -1.000   0.028 -0.376  0.872  -0.732  0.770  0.233
-1.502 -3.341 82.801   0.020  0.128 -1.032   0.028 -0.376  0.872  -0.752  0.796  0.260
-2.525 -4.276 83.540   0.020  0.136 -1.044  -0.047 -0.448  0.868  -0.773  0.828  0.284
-3.510 -5.183 84.288   0.016  0.132 -1.064  -0.047 -0.448  0.868  -0.780  0.850  0.314
-4.470 -6.054 85.008   0.016  0.132 -1.076  -0.047 -0.448  0.868  -0.770  0.875  0.331
-5.414 -6.939 85.728   0.016  0.144 -1.088  -0.047 -0.448  0.868  -0.782  0.905  0.366
-6.319 -7.830 86.774   0.024  0.148 -1.120  -0.116 -0.500  0.848  -0.786  0.935  0.405
-7.176 -8.721 87.848   0.016  0.152 -1.132  -0.116 -0.500  0.848  -0.793  0.960  0.447
-8.030 -9.583 88.861   0.020  0.140 -1.152  -0.116 -0.500  0.848  -0.804  0.990  0.470
-8.804 -10.479 90.229   0.016  0.152 -1.172  -0.207 -0.552  0.833  -0.802  1.016  0.515
-9.546 -11.341 91.575   0.016  0.148 -1.196  -0.207 -0.552  0.833  -0.788  1.034  0.558
-10.250 -12.159 92.909   0.016  0.152 -1.204  -0.207 -0.552  0.833  -0.751  1.049  0.598
-10.865 -12.970 94.503   0.012  0.152 -1.208  -0.313 -0.601  0.806  -0.722  1.055  0.626
-11.448 -13.762 96.066   0.020  0.148 -1.224  -0.313 -0.601  0.806  -0.715  1.055  0.674
-11.994 -14.597 97.699   0.020  0.160 -1.220  -0.313 -0.601  0.806  -0.699  1.053  0.707
-12.456 -15.374 99.213   0.028  0.160 -1.224  -0.313 -0.601  0.806  -0.691  1.032  0.738
-12.826 -16.159 100.932   0.036  0.156 -1.224  -0.419 -0.621  0.769  -0.681  1.009  0.755
-13.127 -16.878 102.637   0.032  0.160 -1.232  -0.419 -0.621  0.769  -0.628  0.990  0.783
-13.408 -17.532 104.384   0.024  0.148 -1.224  -0.419 -0.621  0.769  -0.570  0.988  0.800
-13.615 -18.197 106.273   0.024  0.160 -1.208  -0.517 -0.647  0.744  -0.538  0.990  0.810
-13.775 -18.829 108.113   0.028  0.160 -1.196  -0.517 -0.647  0.744  -0.515  0.974  0.826
-13.888 -19.379 109.894   0.028  0.152 -1.184  -0.517 -0.647  0.744  -0.470  0.945  0.833
-13.931 -19.885 111.777   0.032  0.156 -1.168  -0.605 -0.659  0.707  -0.413  0.917  0.840
-13.933 -20.316 113.598   0.036  0.148 -1.152  -0.605 -0.659  0.707  -0.374  0.878  0.848
-13.828 -20.678 115.296   0.024  0.156 -1.124  -0.605 -0.659  0.707  -0.347  0.825  0.826
-13.641 -21.019 117.082   0.032  0.152 -1.096  -0.685 -0.639  0.667  -0.328  0.773  0.801
-13.366 -21.316 118.794   0.028  0.152 -1.064  -0.685 -0.639  0.667  -0.319  0.713  0.758
-13.085 -21.540 120.387   0.032  0.132 -1.044  -0.685 -0.639  0.667  -0.305  0.674  0.722
-12.760 -21.707 121.906   0.028  0.132 -1.024  -0.685 -0.639  0.667  -0.279  0.632  0.688
-12.385 -21.806 123.488   0.020  0.132 -1.004  -0.752 -0.618  0.650  -0.226  0.597  0.653
-12.035 -21.828 124.962   0.024  0.128 -0.984  -0.752 -0.618  0.650  -0.167  0.569  0.618
-11.690 -21.786 126.403   0.032  0.124 -0.956  -0.752 -0.618  0.650  -0.116  0.533  0.586
-11.339 -21.715 127.787   0.036  0.124 -0.924  -0.806 -0.610  0.626  -0.083  0.497  0.562
-10.918 -21.583 129.147   0.032  0.132 -0.904  -0.806 -0.610  0.626  -0.050  0.440  0.498
-10.531 -21.382 130.321   0.040  0.120 -0.872  -0.806 -0.610  0.626  -0.015  0.376  0.449
-10.042 -21.117 131.536   0.036  0.120 -0.848  -0.840 -0.566  0.605  -0.002  0.283  0.381
-9.549 -20.800 132.647   0.044  0.116 -0.832  -0.840 -0.566  0.605   0.018  0.216  0.331
-8.980 -20.374 133.673   0.032  0.112 -0.812  -0.840 -0.566  0.605   0.031  0.113  0.261
-8.421 -19.875 134.563   0.044  0.112 -0.804  -0.840 -0.566  0.605   0.078  0.024  0.182
-7.839 -19.300 135.385   0.048  0.104 -0.784  -0.860 -0.558  0.607   0.096 -0.071  0.115
-7.222 -18.643 136.141   0.032  0.104 -0.776  -0.860 -0.558  0.607   0.116 -0.133  0.062
-6.611 -17.942 136.774   0.040  0.104 -0.776  -0.860 -0.558  0.607   0.138 -0.207 -0.016
-6.005 -17.148 137.298   0.040  0.108 -0.784  -0.850 -0.564  0.609   0.193 -0.296 -0.074
-5.359 -16.289 137.729   0.044  0.120 -0.792  -0.850 -0.564  0.609   0.229 -0.400 -0.158
-4.690 -15.335 138.097   0.040  0.120 -0.804  -0.850 -0.564  0.609   0.259 -0.501 -0.204
-4.023 -14.248 138.352   0.032  0.112 -0.808  -0.811 -0.555  0.622   0.306 -0.615 -0.260
-3.329 -13.068 138.502   0.036  0.112 -0.828  -0.811 -0.555  0.622   0.336 -0.745 -0.341
-2.615 -11.818 138.569   0.032  0.112 -0.864  -0.811 -0.555  0.622   0.351 -0.839 -0.406
-1.898 -10.560 138.591   0.032  0.124 -0.884  -0.811 -0.555  0.622   0.381 -0.891 -0.449
-1.250 -9.260 138.417   0.032  0.124 -0.948  -0.752 -0.572  0.669   0.426 -0.938 -0.502
-0.613 -7.972 138.192   0.028  0.128 -0.904  -0.752 -0.572  0.669   0.460 -0.963 -0.560
-0.035 -6.712 137.921   0.036  0.132 -0.936  -0.752 -0.572  0.669   0.494 -0.974 -0.589
 0.465 -5.452 137.501   0.032  0.136 -0.964  -0.674 -0.575  0.697   0.556 -0.974 -0.616
 0.949 -4.188 137.087   0.024  0.140 -0.992  -0.674 -0.575  0.697   0.588 -0.990 -0.627
 1.446 -2.918 136.677   0.016  0.140 -1.028  -0.674 -0.575  0.697   0.595 -1.027 -0.633
 1.943 -1.684 136.167   0.020  0.144 -1.068  -0.581 -0.561  0.731   0.592 -1.062 -0.616
 2.469 -0.523 135.678   0.028  0.148 -1.096  -0.581 -0.561  0.731   0.556 -1.088 -0.601
 2.995  0.595 135.256   0.024  0.152 -1.124  -0.581 -0.561  0.731   0.551 -1.090 -0.559
 3.500  1.661 134.877   0.020  0.152 -1.160  -0.581 -0.561  0.731   0.542 -1.076 -0.527
 3.967  2.646 134.320   0.024  0.152 -1.180  -0.483 -0.558  0.769   0.536 -1.059 -0.509
 4.416  3.584 133.788   0.028  0.152 -1.212  -0.483 -0.558  0.769   0.532 -1.056 -0.490
 4.852  4.449 133.297   0.028  0.164 -1.240  -0.483 -0.558  0.769   0.529 -1.032 -0.482
 5.256  5.246 132.648   0.028  0.176 -1.256  -0.398 -0.549  0.793   0.546 -1.009 -0.474
 5.621  6.024 132.040   0.028  0.176 -1.268  -0.398 -0.549  0.793   0.575 -0.995 -0.457
 5.910  6.777 131.479   0.028  0.180 -1.276  -0.398 -0.549  0.793   0.626 -0.954 -0.445
 6.160  7.485 130.748   0.040  0.180 -1.272  -0.305 -0.512  0.814   0.653 -0.951 -0.410
 6.385  8.189 130.076   0.040  0.172 -1.268  -0.305 -0.512  0.814   0.676 -0.947 -0.370
 6.615  8.856 129.485   0.032  0.176 -1.260  -0.305 -0.512  0.814   0.679 -0.933 -0.345
 6.847  9.522 128.944   0.032  0.168 -1.236  -0.305 -0.512  0.814   0.691 -0.949 -0.309
 7.081 10.172 128.176   0.036  0.148 -1.224  -0.220 -0.468  0.844   0.689 -0.966 -0.268
 7.337 10.739 127.483   0.040  0.160 -1.208  -0.220 -0.468  0.844   0.664 -0.957 -0.234
 7.600 11.268 126.851   0.036  0.156 -1.188  -0.220 -0.468  0.844   0.652 -0.947 -0.208
 7.888 11.730 125.916   0.044  0.148 -1.160  -0.145 -0.434  0.852   0.624 -0.954 -0.168
 8.203 12.149 125.051   0.040  0.144 -1.124  -0.145 -0.434  0.852   0.602 -0.955 -0.142
 8.551 12.521 124.261   0.036  0.144 -1.100  -0.145 -0.434  0.852   0.574 -0.961 -0.114
 8.935 12.813 122.919   0.044  0.140 -1.076  -0.054 -0.393  0.865   0.541 -0.950 -0.104
 9.316 13.046 121.708   0.032  0.136 -1.048  -0.054 -0.393  0.865   0.523 -0.914 -0.085
 9.659 13.208 120.628   0.024  0.132 -1.024  -0.054 -0.393  0.865   0.503 -0.853 -0.050
 9.970 13.289 119.579   0.028  0.132 -0.992  -0.054 -0.393  0.865   0.475 -0.812 -0.039
10.300 13.276 118.109   0.024  0.128 -0.972   0.013 -0.367  0.874   0.424 -0.754 -0.028
10.607 13.141 116.722   0.020  0.128 -0.948   0.013 -0.367  0.874   0.358 -0.693 -0.020
10.840 12.922 115.343   0.028  0.120 -0.912   0.013 -0.367  0.874   0.316 -0.624 -0.014
11.066 12.648 113.692   0.024  0.124 -0.916   0.057 -0.344  0.880   0.289 -0.569 -0.019
11.217 12.317 112.198   0.012  0.112 -0.900   0.057 -0.344  0.880   0.264 -0.483 -0.017
11.291 11.909 110.749   0.012  0.116 -0.892   0.057 -0.344  0.880   0.233 -0.406 -0.022
11.308 11.452 109.024   0.016  0.116 -0.864   0.090 -0.315  0.878   0.205 -0.327 -0.027
11.268 10.941 107.389   0.008  0.116 -0.856   0.090 -0.315  0.878   0.179 -0.264 -0.036
11.158 10.383 105.841   0.008  0.104 -0.840   0.090 -0.315  0.878   0.129 -0.198 -0.033
10.974  9.793 104.347   0.012  0.096 -0.840   0.090 -0.315  0.878   0.085 -0.136 -0.030
10.769  9.163 102.785   0.008  0.096 -0.844   0.114 -0.318  0.889   0.041 -0.096 -0.033
10.508  8.492 101.348   0.004  0.084 -0.832   0.114 -0.318  0.889  -0.021 -0.035 -0.019
10.189  7.720 99.877   0.004  0.108 -0.840   0.114 -0.318  0.889  -0.076  0.017 -0.023
 9.796  6.922 98.466   0.016  0.104 -0.852   0.106 -0.324  0.882  -0.135  0.058 -0.023
 9.347  6.118 97.110   0.020  0.100 -0.860   0.106 -0.324  0.882  -0.176  0.100 -0.006
 8.827  5.258 95.811   0.016  0.108 -0.876   0.106 -0.324  0.882  -0.235  0.169  0.001
 8.204  4.356 94.735   0.008  0.112 -0.888   0.093 -0.329  0.882  -0.289  0.272  0.021
 7.483  3.434 93.730   0.004  0.116 -0.892   0.093 -0.329  0.882  -0.330  0.370  0.036
 6.672  2.521 92.683   0.016  0.116 -0.900   0.093 -0.329  0.882  -0.367  0.432  0.051
 5.782  1.607 91.708   0.008  0.128 -0.920   0.093 -0.329  0.882  -0.388  0.522  0.067
 4.852  0.735 91.156   0.012  0.124 -0.936   0.059 -0.373  0.883  -0.410  0.576  0.084
 3.876 -0.126 90.593   0.016  0.124 -0.944   0.059 -0.373  0.883  -0.443  0.630  0.091
 2.893 -0.967 90.087   0.012  0.124 -0.968   0.059 -0.373  0.883  -0.471  0.671  0.104
 1.917 -1.798 90.130   0.016  0.120 -0.976  -0.003 -0.408  0.870  -0.512  0.714  0.134
 0.940 -2.631 90.189   0.016  0.120 -0.984  -0.003 -0.408  0.870  -0.544  0.748  0.162
-0.036 -3.473 90.259   0.016  0.128 -1.012  -0.003 -0.408  0.870  -0.572  0.783  0.187
-0.930 -4.310 90.794   0.008  0.132 -1.028  -0.065 -0.451  0.859  -0.589  0.802  0.193
-1.837 -5.130 91.274   0.016  0.132 -1.048  -0.065 -0.451  0.859  -0.597  0.833  0.217
-2.731 -5.964 91.775   0.012  0.140 -1.056  -0.065 -0.451  0.859  -0.615  0.872  0.243
-3.603 -6.759 92.271   0.012  0.136 -1.064  -0.065 -0.451  0.859  -0.610  0.888  0.271
-4.431 -7.533 93.122   0.012  0.136 -1.092  -0.134 -0.491  0.855  -0.603  0.923  0.306
-5.258 -8.297 93.923   0.020  0.136 -1.092  -0.134 -0.491  0.855  -0.603  0.945  0.334
-6.064 -9.088 94.707   0.024  0.144 -1.100  -0.134 -0.491  0.855  -0.625  0.961  0.365
-6.766 -9.908 95.888   0.016  0.152 -1.108  -0.238 -0.540  0.827  -0.630  0.978  0.380
-7.456 -10.723 97.033   0.024  0.156 -1.132  -0.238 -0.540  0.827  -0.627  0.994  0.416
-8.113 -11.533 98.154   0.028  0.164 -1.148  -0.238 -0.540  0.827  -0.620  1.002  0.444
-8.699 -12.348 99.501   0.028  0.168 -1.148  -0.318 -0.564  0.805  -0.606  1.013  0.473
-9.247 -13.133 100.802   0.032  0.168 -1.172  -0.318 -0.564  0.805  -0.593  1.010  0.492
-9.769 -13.882 102.065   0.032  0.160 -1.188  -0.318 -0.564  0.805  -0.584  1.017  0.519
-10.216 -14.618 103.351   0.024  0.168 -1.188  -0.318 -0.564  0.805  -0.572  1.009  0.553
-10.612 -15.326 104.774   0.036  0.160 -1.192  -0.413 -0.601  0.784  -0.549  0.993  0.575
-10.957 -15.964 106.168   0.032  0.152 -1.200  -0.413 -0.601  0.784  -0.515  0.973  0.596
-11.237 -16.545 107.539   0.028  0.148 -1.196  -0.413 -0.601  0.784  -0.487  0.943  0.612
-11.449 -17.120 109.064   0.028  0.152 -1.180  -0.519 -0.636  0.748  -0.461  0.935  0.630
-11.612 -17.649 110.552   0.020  0.152 -1.168  -0.519 -0.636  0.748  -0.432  0.924  0.630
-11.738 -18.151 111.988   0.028  0.156 -1.152  -0.519 -0.636  0.748  -0.406  0.900  0.630
-11.818 -18.610 113.391   0.032  0.152 -1.144  -0.519 -0.624  0.722  -0.386  0.867  0.633
-11.855 -19.019 114.884   0.036  0.148 -1.128  -0.587 -0.624  0.722  -0.340  0.841  0.639
-11.857 -19.373 116.321   0.036  0.140 -1.112  -0.587 -0.624  0.722  -0.318  0.809  0.636
-11.797 -19.680 117.725   0.036  0.144 -1.104  -0.587 -0.624  0.722  -0.292  0.762  0.633
-11.646 -19.974 119.230   0.040  0.152 -1.096  -0.669 -0.624  0.695  -0.275  0.713  0.618
-11.445 -20.198 120.660   0.036  0.140 -1.064  -0.669 -0.624  0.695  -0.259  0.660  0.590
-11.191 -20.398 122.040   0.032  0.144 -1.048  -0.669 -0.624  0.695  -0.255  0.629  0.567
-10.844 -20.548 123.481   0.020  0.144 -1.016  -0.726 -0.616  0.662  -0.239  0.579  0.543
-10.510 -20.627 124.824   0.024  0.136 -1.004  -0.726 -0.616  0.662  -0.200  0.544  0.512
-10.197 -20.629 126.075   0.028  0.132 -0.984  -0.726 -0.616  0.662  -0.143  0.511  0.484
-9.861 -20.600 127.267   0.032  0.136 -0.960  -0.726 -0.616  0.662  -0.120  0.470  0.459
-9.469 -20.513 128.521   0.028  0.132 -0.940  -0.765 -0.575  0.645  -0.093  0.417  0.420
-9.085 -20.364 129.677   0.036  0.128 -0.924  -0.765 -0.575  0.645  -0.057  0.364  0.381
-8.674 -20.183 130.754   0.040  0.132 -0.900  -0.765 -0.575  0.645  -0.037  0.311  0.334
-8.252 -19.925 131.763   0.044  0.124 -0.884  -0.809 -0.592  0.628  -0.009  0.239  0.297
-7.784 -19.587 132.681   0.044  0.124 -0.872  -0.809 -0.592  0.628   0.016  0.148  0.232
-7.275 -19.147 133.511   0.032  0.116 -0.852  -0.809 -0.592  0.628   0.035  0.068  0.170
-6.738 -18.663 134.292   0.032  0.120 -0.836  -0.814 -0.578  0.624   0.061  0.008  0.108
-6.164 -18.089 135.014   0.024  0.116 -0.820  -0.814 -0.578  0.624   0.081 -0.078  0.067
-5.568 -17.458 135.650   0.024  0.120 -0.812  -0.814 -0.578  0.624   0.108 -0.151  0.003
-4.973 -16.749 136.209   0.024  0.120 -0.808  -0.814 -0.578  0.624   0.150 -0.229 -0.044
-4.367 -15.989 136.719   0.024  0.120 -0.812  -0.804 -0.561  0.633   0.168 -0.297 -0.093
-3.719 -15.162 137.164   0.024  0.128 -0.812  -0.804 -0.561  0.633   0.196 -0.395 -0.153
-3.062 -14.240 137.528   0.024  0.128 -0.832  -0.804 -0.561  0.633   0.233 -0.499 -0.207
-2.428 -13.252 137.717   0.040  0.124 -0.836  -0.775 -0.578  0.652   0.265 -0.615 -0.264
-1.782 -12.227 137.865   0.036  0.132 -0.864  -0.775 -0.578  0.652   0.288 -0.674 -0.302
-1.121 -11.117 137.949   0.028  0.128 -0.892  -0.775 -0.578  0.652   0.309 -0.763 -0.348
-0.468 -9.922 137.889   0.012  0.124 -0.908  -0.716 -0.578  0.671   0.345 -0.831 -0.400
 0.140 -8.753 137.751   0.024  0.124 -0.928  -0.716 -0.578  0.671   0.362 -0.862 -0.445
 0.693 -7.600 137.587   0.028  0.128 -0.944  -0.716 -0.578  0.671   0.403 -0.872 -0.460
 1.201 -6.447 137.389   0.024  0.136 -0.984  -0.716 -0.578  0.671   0.448 -0.877 -0.493
 1.618 -5.309 137.047   0.032  0.132 -1.012  -0.646 -0.578  0.712   0.493 -0.881 -0.504
 2.008 -4.189 136.698   0.036  0.132 -1.032  -0.646 -0.578  0.712   0.515 -0.899 -0.509
 2.384 -3.067 136.349   0.040  0.132 -1.072  -0.646 -0.578  0.712   0.535 -0.934 -0.506
 2.815 -1.984 135.901   0.040  0.144 -1.084  -0.566 -0.581  0.741   0.516 -0.988 -0.482
 3.331 -0.924 135.510   0.032  0.156 -1.104  -0.566 -0.581  0.741   0.486 -1.041 -0.468
 3.848  0.115 135.136   0.024  0.144 -1.132  -0.566 -0.581  0.741   0.464 -1.052 -0.447
 4.351  1.085 134.690   0.024  0.156 -1.148  -0.481 -0.558  0.769   0.466 -1.044 -0.421
 4.816  2.026 134.276   0.020  0.148 -1.164  -0.481 -0.558  0.769   0.474 -1.030 -0.392
 5.241  2.919 133.910   0.020  0.156 -1.180  -0.481 -0.558  0.769   0.494 -1.006 -0.370
 5.641  3.763 133.570   0.020  0.156 -1.200  -0.481 -0.558  0.769   0.493 -0.990 -0.352
 5.983  4.532 133.023   0.032  0.160 -1.208  -0.382 -0.538  0.797   0.510 -0.969 -0.346
 6.292  5.270 132.502   0.032  0.160 -1.228  -0.382 -0.538  0.797   0.526 -0.952 -0.337
 6.290  5.748 132.048   0.032  0.156 -1.224  -0.382 -0.538  0.797   0.553 -0.621 -0.313
 6.534  6.441 131.378   0.028  0.156 -1.224  -0.302 -0.523  0.820   0.579 -0.916 -0.303
 6.762  7.093 130.770   0.032  0.164 -1.220  -0.302 -0.523  0.820   0.596 -0.905 -0.275
 6.999  7.710 130.222   0.032  0.168 -1.220  -0.302 -0.523  0.820   0.593 -0.906 -0.247
 7.247  8.258 129.465   0.036  0.164 -1.196  -0.222 -0.486  0.838   0.573 -0.905 -0.225
 7.504  8.801 128.774   0.028  0.152 -1.188  -0.222 -0.486  0.838   0.568 -0.906 -0.193
 7.762  9.294 128.155   0.028  0.156 -1.172  -0.222 -0.486  0.838   0.560 -0.892 -0.160
 8.023  9.735 127.594   0.028  0.152 -1.144  -0.222 -0.486  0.838   0.540 -0.880 -0.126
 8.279 10.123 126.703   0.036  0.144 -1.120  -0.140 -0.445  0.852   0.532 -0.877 -0.099
 8.572 10.447 125.873   0.036  0.148 -1.092  -0.140 -0.445  0.852   0.498 -0.881 -0.076
 8.866 10.711 125.091   0.040  0.148 -1.072  -0.140 -0.445  0.852   0.474 -0.869 -0.044
 9.180 10.917 123.998   0.036  0.140 -1.048  -0.078 -0.431  0.865   0.446 -0.851 -0.030
 9.479 11.084 123.001   0.028  0.136 -1.028  -0.078 -0.431  0.865   0.437 -0.818 -0.014
 9.749 11.173 122.072   0.028  0.140 -1.000  -0.078 -0.431  0.865   0.419 -0.773  0.005
10.014 11.190 120.669   0.036  0.140 -0.988  -0.008 -0.382  0.865   0.393 -0.736  0.006
10.250 11.116 119.363   0.028  0.136 -0.968  -0.008 -0.382  0.865   0.350 -0.671  0.007
10.464 10.962 118.112   0.028  0.132 -0.944  -0.008 -0.382  0.865   0.304 -0.629  0.018
10.624 10.716 116.935   0.024  0.128 -0.928  -0.008 -0.382  0.865   0.255 -0.550  0.017
10.767 10.419 115.493   0.012  0.120 -0.932   0.047 -0.367  0.874   0.222 -0.477  0.014
10.816 10.062 114.073   0.016  0.120 -0.908   0.047 -0.367  0.874   0.211 -0.396  0.008
10.826  9.653 112.753   0.008  0.124 -0.900   0.047 -0.367  0.874   0.190 -0.343  0.012
10.766  9.200 111.343   0.004  0.128 -0.892   0.067 -0.358  0.878   0.185 -0.262  0.010
10.626  8.714 109.919   0.012  0.120 -0.868   0.067 -0.358  0.878   0.157 -0.200 -0.009
10.427  8.194 108.542   0.016  0.116 -0.860   0.067 -0.358  0.878   0.125 -0.146  0.010
10.193  7.631 107.164   0.012  0.108 -0.864   0.078 -0.350  0.876   0.069 -0.090  0.006
 9.912  7.014 105.826   0.012  0.108 -0.872   0.078 -0.350  0.876   0.017 -0.035 -0.001
 9.593  6.314 104.503   0.012  0.120 -0.872   0.078 -0.350  0.876  -0.043  0.010 -0.000
 9.225  5.615 103.184   0.020  0.120 -0.884   0.078 -0.350  0.876  -0.066  0.041  0.008
 8.797  4.907 101.888   0.024  0.116 -0.888   0.080 -0.350  0.878  -0.099  0.090  0.021
 8.331  4.135 100.679   0.016  0.120 -0.892   0.080 -0.350  0.878  -0.165  0.150  0.024
 7.790  3.322 99.561   0.008  0.124 -0.888   0.080 -0.350  0.878  -0.206  0.238  0.031
 7.172  2.533 98.668   0.016  0.116 -0.904   0.059 -0.376  0.876  -0.236  0.298  0.039
 6.455  1.742 97.803   0.020  0.112 -0.916   0.059 -0.376  0.876  -0.272  0.389  0.055
 5.701  0.981 97.038   0.012  0.104 -0.936   0.059 -0.376  0.876  -0.295  0.456  0.057
 4.905  0.223 96.582   0.012  0.112 -0.948   0.026 -0.396  0.867  -0.313  0.519  0.074
 4.052 -0.549 96.082   0.020  0.124 -0.960   0.026 -0.396  0.867  -0.331  0.571  0.086
 3.159 -1.313 95.619   0.020  0.124 -0.976   0.026 -0.396  0.867  -0.357  0.631  0.111
 2.233 -2.063 95.160   0.024  0.120 -0.980   0.026 -0.396  0.867  -0.385  0.676  0.129
 1.355 -2.808 95.160   0.020  0.124 -0.980  -0.026 -0.428  0.868  -0.405  0.698  0.156
 0.483 -3.578 95.173   0.016  0.128 -0.988  -0.026 -0.428  0.868  -0.445  0.737  0.156
-0.384 -4.348 95.201   0.016  0.128 -1.000  -0.026 -0.428  0.868  -0.473  0.765  0.181
-1.202 -5.109 95.699   0.016  0.128 -1.024  -0.101 -0.465  0.855  -0.492  0.797  0.199
-2.000 -5.846 96.186   0.016  0.128 -1.032  -0.101 -0.465  0.855  -0.488  0.813  0.217
-2.790 -6.547 96.683   0.012  0.124 -1.052  -0.101 -0.465  0.855  -0.484  0.847  0.243
-3.581 -7.312 97.487   0.020  0.132 -1.064  -0.165 -0.497  0.840  -0.500  0.867  0.270
-4.309 -8.047 98.250   0.016  0.140 -1.080  -0.165 -0.497  0.840  -0.506  0.896  0.283
-5.036 -8.833 99.053   0.016  0.148 -1.080  -0.165 -0.497  0.840  -0.515  0.907  0.309
-5.697 -9.589 99.805   0.016  0.156 -1.092  -0.165 -0.497  0.840  -0.522  0.922  0.325
-6.305 -10.371 100.924   0.008  0.152 -1.112  -0.251 -0.538  0.827  -0.527  0.933  0.363
-6.865 -11.095 101.939   0.012  0.152 -1.112  -0.251 -0.538  0.827  -0.516  0.943  0.374
-7.417 -11.798 102.917   0.016  0.152 -1.128  -0.251 -0.538  0.827  -0.506  0.958  0.398
-7.907 -12.498 104.116   0.016  0.152 -1.160  -0.346 -0.575  0.799  -0.505  0.965  0.421
-8.369 -13.186 105.278   0.020  0.152 -1.156  -0.346 -0.575  0.799  -0.499  0.966  0.440
-8.814 -13.832 106.404   0.024  0.144 -1.156  -0.346 -0.575  0.799  -0.481  0.965  0.469
-9.178 -14.460 107.734   0.024  0.144 -1.144  -0.429 -0.581  0.782  -0.457  0.947  0.491
-9.478 -15.062 109.026   0.028  0.144 -1.152  -0.429 -0.581  0.782  -0.451  0.913  0.501
-9.732 -15.607 110.297   0.028  0.144 -1.156  -0.429 -0.581  0.782  -0.416  0.888  0.521
-9.913 -16.108 111.578   0.016  0.152 -1.168  -0.429 -0.581  0.782  -0.389  0.866  0.536
-10.065 -16.565 112.927   0.020  0.144 -1.156  -0.517 -0.607  0.758  -0.353  0.856  0.526
-10.172 -16.997 114.245   0.020  0.144 -1.128  -0.517 -0.607  0.758  -0.339  0.834  0.532
-10.255 -17.399 115.500   0.024  0.140 -1.116  -0.517 -0.607  0.758  -0.327  0.816  0.524
-10.272 -17.804 116.858   0.028  0.148 -1.108  -0.589 -0.613  0.722  -0.314  0.792  0.530
-10.225 -18.162 118.192   0.024  0.156 -1.084  -0.589 -0.613  0.722  -0.281  0.754  0.524
-10.158 -18.469 119.462   0.028  0.148 -1.064  -0.589 -0.613  0.722  -0.261  0.721  0.515
-10.017 -18.729 120.853   0.028  0.140 -1.052  -0.659 -0.595  0.699  -0.245  0.670  0.520
-9.801 -18.940 122.198   0.020  0.144 -1.024  -0.659 -0.595  0.699  -0.228  0.623  0.490
-9.574 -19.125 123.467   0.028  0.136 -1.008  -0.659 -0.595  0.699  -0.228  0.590  0.475
-9.312 -19.260 124.678   0.028  0.136 -1.012  -0.659 -0.595  0.699  -0.213  0.547  0.454
-9.001 -19.346 125.887   0.024  0.136 -1.012  -0.711 -0.610  0.682  -0.198  0.504  0.433
-8.673 -19.365 127.035   0.024  0.136 -0.988  -0.711 -0.610  0.682  -0.159  0.458  0.409
-8.358 -19.316 128.108   0.020  0.124 -0.972  -0.711 -0.610  0.682  -0.132  0.431  0.389
-8.030 -19.229 129.179   0.032  0.124 -0.952  -0.755 -0.598  0.652  -0.098  0.381  0.355
-7.679 -19.082 130.179   0.032  0.124 -0.928  -0.755 -0.598  0.652  -0.068  0.324  0.316
-7.284 -18.850 131.116   0.020  0.124 -0.920  -0.755 -0.598  0.652  -0.039  0.265  0.271
-6.856 -18.588 132.044   0.024  0.124 -0.916  -0.780 -0.581  0.643  -0.031  0.212  0.226
-6.363 -18.247 132.936   0.016  0.128 -0.896  -0.780 -0.581  0.643  -0.010  0.130  0.194
-5.857 -17.841 133.728   0.020  0.124 -0.872  -0.780 -0.581  0.643   0.016  0.054  0.133
-5.372 -17.372 134.405   0.032  0.116 -0.864  -0.780 -0.581  0.643   0.044 -0.021  0.078
-4.874 -16.835 135.036   0.024  0.112 -0.848  -0.793 -0.584  0.647   0.068 -0.076  0.041
-4.357 -16.229 135.594   0.024  0.112 -0.848  -0.793 -0.584  0.647   0.094 -0.156 -0.006
-3.816 -15.571 136.062   0.028  0.112 -0.844  -0.793 -0.584  0.647   0.107 -0.239 -0.071
-3.285 -14.856 136.468   0.028  0.108 -0.832  -0.778 -0.569  0.647   0.138 -0.301 -0.113
-2.743 -14.114 136.816   0.036  0.116 -0.836  -0.778 -0.569  0.647   0.163 -0.371 -0.155
-2.190 -13.299 137.085   0.044  0.112 -0.844  -0.778 -0.569  0.647   0.185 -0.477 -0.202
-1.615 -12.411 137.234   0.040  0.124 -0.860  -0.731 -0.581  0.665   0.228 -0.566 -0.242
-1.040 -11.483 137.341   0.036  0.124 -0.872  -0.731 -0.581  0.665   0.249 -0.619 -0.273
-0.414 -10.520 137.436   0.032  0.140 -0.892  -0.731 -0.581  0.665   0.270 -0.693 -0.307
 0.189 -9.507 137.461   0.028  0.136 -0.924  -0.731 -0.581  0.665   0.295 -0.745 -0.350
 0.710 -8.473 137.334   0.032  0.128 -0.944  -0.682 -0.590  0.697   0.336 -0.771 -0.373
 1.201 -7.440 137.177   0.032  0.124 -0.960  -0.682 -0.590  0.697   0.351 -0.792 -0.388
 1.663 -6.411 136.999   0.028  0.128 -0.980  -0.682 -0.590  0.697   0.382 -0.801 -0.410
 2.067 -5.376 136.707   0.032  0.124 -1.000  -0.618 -0.578  0.714   0.420 -0.824 -0.421
 2.477 -4.336 136.424   0.032  0.128 -1.012  -0.618 -0.578  0.714   0.441 -0.864 -0.423
 2.888 -3.277 136.138   0.024  0.124 -1.040  -0.618 -0.578  0.714   0.454 -0.895 -0.429
 3.331 -2.258 135.735   0.024  0.132 -1.056  -0.532 -0.572  0.742   0.438 -0.936 -0.414
 3.783 -1.271 135.364   0.028  0.136 -1.080  -0.532 -0.572  0.742   0.435 -0.962 -0.392
 4.231 -0.314 135.031   0.024  0.132 -1.096  -0.532 -0.572  0.742   0.425 -0.967 -0.363
 4.683  0.609 134.754   0.020  0.144 -1.128  -0.532 -0.572  0.742   0.432 -0.971 -0.337
 5.090  1.499 134.341   0.016  0.136 -1.140  -0.460 -0.572  0.782   0.443 -0.961 -0.313
 5.457  2.320 133.930   0.028  0.140 -1.156  -0.460 -0.572  0.782   0.447 -0.944 -0.307
 5.820  3.106 133.561   0.024  0.152 -1.176  -0.460 -0.572  0.782   0.459 -0.936 -0.302
 6.140  3.844 132.987   0.032  0.144 -1.184  -0.372 -0.549  0.791   0.465 -0.933 -0.298
 6.437  4.559 132.450   0.028  0.144 -1.200  -0.372 -0.549  0.791   0.481 -0.918 -0.287
 6.711  5.236 131.957   0.032  0.152 -1.196  -0.372 -0.549  0.791   0.502 -0.908 -0.273
 6.963  5.864 131.290   0.032  0.152 -1.188  -0.284 -0.514  0.825   0.513 -0.894 -0.254
 7.195  6.457 130.676   0.032  0.148 -1.164  -0.284 -0.514  0.825   0.520 -0.878 -0.228
 7.412  7.013 130.109   0.032  0.148 -1.168  -0.284 -0.514  0.825   0.523 -0.861 -0.206
 7.651  7.547 129.622   0.016  0.148 -1.164  -0.284 -0.514  0.825   0.512 -0.848 -0.190
 7.871  8.039 128.897   0.020  0.140 -1.144  -0.207 -0.494  0.842   0.519 -0.841 -0.157
 8.100  8.484 128.241   0.020  0.140 -1.124  -0.207 -0.494  0.842   0.504 -0.834 -0.120
 8.326  8.867 127.633   0.024  0.140 -1.104  -0.207 -0.494  0.842   0.482 -0.817 -0.089
 8.579  9.186 126.799   0.032  0.144 -1.088  -0.150 -0.457  0.850   0.455 -0.814 -0.069
 8.828  9.464 126.045   0.032  0.136 -1.064  -0.150 -0.457  0.850   0.439 -0.815 -0.048
 9.082  9.698 125.317   0.036  0.132 -1.040  -0.150 -0.457  0.850   0.415 -0.813 -0.027
 9.364  9.855 124.218   0.032  0.140 -1.028  -0.067 -0.419  0.861   0.398 -0.795 -0.009
 9.624  9.977 123.183   0.028  0.128 -1.008  -0.067 -0.419  0.861   0.380 -0.760  0.003
 9.848 10.041 122.201   0.028  0.132 -0.992  -0.067 -0.419  0.861   0.375 -0.718  0.010
10.043 10.029 121.256   0.028  0.124 -0.968  -0.067 -0.419  0.861   0.331 -0.666  0.016
10.236  9.950 120.064   0.020  0.120 -0.956  -0.016 -0.405  0.872   0.299 -0.615  0.022
10.379  9.812 118.954   0.012  0.104 -0.948  -0.016 -0.405  0.872   0.255 -0.538  0.014
10.484  9.613 117.925   0.008  0.112 -0.920  -0.016 -0.405  0.872   0.246 -0.486  0.021
10.552  9.327 116.701   0.008  0.112 -0.916   0.018 -0.379  0.870   0.205 -0.417  0.018
10.543  8.999 115.494   0.012  0.112 -0.904   0.018 -0.379  0.870   0.199 -0.351  0.012
10.466  8.626 114.344   0.012  0.112 -0.908   0.018 -0.379  0.870   0.180 -0.282  0.018
10.331  8.218 112.950   0.024  0.108 -0.896   0.049 -0.376  0.878   0.160 -0.229  0.013
10.153  7.747 111.604   0.020  0.116 -0.876   0.049 -0.376  0.878   0.134 -0.173  0.008
 9.922  7.235 110.318   0.020  0.116 -0.888   0.049 -0.376  0.878   0.101 -0.113  0.016
 9.642  6.688 109.070   0.020  0.112 -0.884   0.049 -0.376  0.878   0.063 -0.058  0.007
 9.324  6.083 107.910   0.016  0.116 -0.872   0.047 -0.379  0.880   0.020 -0.002  0.013
 8.953  5.443 106.779   0.020  0.116 -0.888   0.047 -0.379  0.880  -0.024  0.051  0.024
 8.562  4.789 105.714   0.016  0.112 -0.884   0.047 -0.379  0.880  -0.059  0.087  0.022
 8.148  4.089 104.750   0.016  0.120 -0.880   0.036 -0.373  0.874  -0.102  0.120  0.031
 7.668  3.378 103.785   0.020  0.120 -0.880   0.036 -0.373  0.874  -0.125  0.179  0.030
 7.120  2.635 102.877   0.020  0.120 -0.896   0.036 -0.373  0.874  -0.170  0.255  0.046
 6.491  1.908 102.050   0.024  0.116 -0.908   0.031 -0.387  0.872  -0.186  0.329  0.057
 5.821  1.192 101.252   0.024  0.108 -0.916   0.031 -0.387  0.872  -0.218  0.382  0.051
 5.122  0.474 100.541   0.016  0.116 -0.916   0.031 -0.387  0.872  -0.226  0.440  0.067
 4.364 -0.239 99.849   0.020  0.116 -0.928   0.031 -0.387  0.872  -0.248  0.502  0.091
 3.655 -1.310 99.559   0.020  0.124 -0.952  -0.018 -0.413  0.865  -0.586  0.554  0.089
 2.791 -2.039 99.184   0.032  0.120 -0.972  -0.018 -0.413  0.865  -0.298  0.594  0.100
 1.962 -2.730 98.887   0.028  0.124 -0.980  -0.018 -0.413  0.865  -0.316  0.638  0.127
 1.161 -3.437 98.999   0.024  0.124 -0.984  -0.072 -0.439  0.855  -0.355  0.684  0.132
 0.375 -4.122 99.159   0.016  0.116 -1.000  -0.072 -0.439  0.855  -0.377  0.720  0.154
-0.404 -4.823 99.335   0.016  0.124 -1.020  -0.072 -0.439  0.855  -0.396  0.748  0.177
-1.149 -5.525 99.815   0.020  0.128 -1.020  -0.132 -0.468  0.852  -0.406  0.773  0.189
-1.860 -6.213 100.340   0.012  0.128 -1.036  -0.132 -0.468  0.852  -0.413  0.795  0.221
-2.587 -6.898 100.784   0.024  0.124 -1.044  -0.132 -0.468  0.852  -0.429  0.811  0.236
-3.293 -7.593 101.222   0.024  0.132 -1.064  -0.132 -0.468  0.852  -0.441  0.830  0.245
-3.935 -8.321 102.129   0.012  0.132 -1.072  -0.214 -0.491  0.836  -0.451  0.847  0.272
-4.517 -9.015 102.982   0.012  0.136 -1.072  -0.214 -0.491  0.836  -0.455  0.860  0.293
-5.106 -9.694 103.777   0.020  0.132 -1.084  -0.214 -0.491  0.836  -0.456  0.877  0.315
-5.644 -10.375 104.786   0.020  0.140 -1.096  -0.289 -0.526  0.818  -0.445  0.893  0.332
-6.148 -11.036 105.775   0.016  0.140 -1.108  -0.289 -0.526  0.818  -0.440  0.901  0.345
-6.632 -11.690 106.724   0.024  0.140 -1.108  -0.289 -0.526  0.818  -0.440  0.899  0.367
-7.073 -12.342 107.848   0.028  0.140 -1.116  -0.370 -0.552  0.808  -0.434  0.907  0.388
-7.483 -12.984 108.937   0.032  0.140 -1.128  -0.370 -0.552  0.808  -0.435  0.902  0.407
-7.835 -13.601 110.017   0.028  0.144 -1.120  -0.370 -0.552  0.808  -0.422  0.888  0.418
-8.148 -14.184 111.084   0.028  0.144 -1.120  -0.370 -0.552  0.808  -0.406  0.874  0.442
-8.371 -14.744 112.302   0.028  0.156 -1.128  -0.460 -0.587  0.776  -0.377  0.845  0.447
-8.547 -15.265 113.490   0.024  0.152 -1.116  -0.460 -0.587  0.776  -0.364  0.824  0.453
-8.697 -15.733 114.639   0.024  0.152 -1.120  -0.460 -0.587  0.776  -0.333  0.808  0.457
-8.804 -16.170 115.867   0.028  0.148 -1.116  -0.519 -0.587  0.756  -0.312  0.787  0.455
-8.877 -16.579 117.129   0.024  0.144 -1.104  -0.519 -0.587  0.756  -0.294  0.765  0.464
-8.926 -16.964 118.272   0.032  0.144 -1.096  -0.519 -0.587  0.756  -0.295  0.750  0.460
-8.909 -17.336 119.537   0.036  0.148 -1.080  -0.599 -0.590  0.729  -0.278  0.721  0.462
-8.850 -17.647 120.760   0.028  0.148 -1.076  -0.599 -0.590  0.729  -0.250  0.693  0.448
-8.711 -17.938 121.980   0.028  0.164 -1.064  -0.599 -0.590  0.729  -0.235  0.646  0.446
-8.536 -18.176 123.143   0.032  0.152 -1.032  -0.599 -0.590  0.729  -0.230  0.593  0.438
-8.319 -18.356 124.355   0.024  0.144 -1.016  -0.664 -0.592  0.699  -0.209  0.564  0.424
-8.066 -18.497 125.517   0.024  0.140 -1.004  -0.664 -0.592  0.699  -0.207  0.524  0.411
-7.770 -18.595 126.620   0.020  0.140 -1.000  -0.664 -0.592  0.699  -0.202  0.483  0.380
-7.477 -18.662 127.686   0.032  0.128 -0.988  -0.698 -0.590  0.684  -0.197  0.447  0.356
-7.148 -18.667 128.719   0.028  0.136 -0.968  -0.698 -0.590  0.684  -0.157  0.400  0.337
-6.858 -18.605 129.656   0.036  0.124 -0.948  -0.698 -0.590  0.684  -0.118  0.362  0.311
-6.529 -18.487 130.615   0.036  0.128 -0.936  -0.736 -0.581  0.671  -0.081  0.310  0.281
-6.201 -18.318 131.501   0.036  0.120 -0.928  -0.736 -0.581  0.671  -0.068  0.269  0.255
-5.839 -18.087 132.312   0.036  0.120 -0.916  -0.736 -0.581  0.671  -0.048  0.202  0.205
-5.448 -17.792 133.065   0.032  0.116 -0.892  -0.736 -0.581  0.671  -0.030  0.140  0.171
-4.995 -17.472 133.787   0.028  0.128 -0.880  -0.760 -0.587  0.656  -0.021  0.087  0.117
-4.533 -17.093 134.441   0.036  0.124 -0.868  -0.760 -0.587  0.656  -0.000  0.009  0.086
-4.040 -16.677 135.034   0.040  0.132 -0.864  -0.760 -0.587  0.656   0.018 -0.058  0.038
-3.541 -16.147 135.574   0.032  0.124 -0.860  -0.752 -0.575  0.660   0.061 -0.136 -0.001
-3.059 -15.536 136.035   0.024  0.108 -0.856  -0.752 -0.575  0.660   0.075 -0.190 -0.036
-2.536 -14.848 136.452   0.028  0.116 -0.860  -0.752 -0.575  0.660   0.108 -0.261 -0.086
-2.021 -14.172 136.781   0.032  0.128 -0.856  -0.742 -0.578  0.671   0.135 -0.321 -0.133
-1.432 -13.358 137.088   0.020  0.128 -0.868  -0.742 -0.578  0.671   0.158 -0.412 -0.170
-0.864 -12.546 137.324   0.032  0.132 -0.888  -0.742 -0.578  0.671   0.177 -0.503 -0.203
-0.311 -11.677 137.498   0.036  0.128 -0.904  -0.742 -0.578  0.671   0.204 -0.575 -0.232
 0.217 -10.762 137.540   0.028  0.124 -0.920  -0.700 -0.590  0.682   0.227 -0.619 -0.260
 0.718 -9.846 137.521   0.040  0.124 -0.944  -0.700 -0.590  0.682   0.243 -0.666 -0.291
 1.208 -8.885 137.475   0.028  0.124 -0.956  -0.700 -0.590  0.682   0.278 -0.698 -0.319
 1.657 -7.937 137.311   0.036  0.128 -0.976  -0.638 -0.581  0.703   0.305 -0.726 -0.339
 2.098 -6.981 137.148   0.028  0.132 -0.992  -0.638 -0.581  0.703   0.329 -0.743 -0.351
 2.527 -6.046 136.985   0.032  0.140 -1.004  -0.638 -0.581  0.703   0.349 -0.764 -0.358
 2.920 -5.130 136.675   0.040  0.144 -1.016  -0.584 -0.601  0.739   0.373 -0.793 -0.357
 3.307 -4.199 136.374   0.036  0.140 -1.024  -0.584 -0.601  0.739   0.392 -0.824 -0.353
 3.709 -3.271 136.090   0.036  0.140 -1.048  -0.584 -0.601  0.739   0.389 -0.861 -0.342
 4.119 -2.357 135.832   0.036  0.144 -1.064  -0.584 -0.601  0.739   0.395 -0.888 -0.329
 4.520 -1.466 135.511   0.036  0.148 -1.088  -0.517 -0.581  0.758   0.403 -0.906 -0.308
 4.932 -0.586 135.228   0.024  0.148 -1.116  -0.517 -0.581  0.758   0.399 -0.912 -0.293
 5.340  0.262 134.969   0.020  0.152 -1.112  -0.517 -0.581  0.758   0.404 -0.912 -0.290
 5.701  1.022 134.529   0.032  0.160 -1.132  -0.419 -0.561  0.793   0.406 -0.896 -0.279
 6.035  1.766 134.103   0.032  0.156 -1.136  -0.419 -0.561  0.793   0.421 -0.894 -0.270
 6.382  2.472 133.734   0.028  0.168 -1.144  -0.419 -0.561  0.793   0.425 -0.894 -0.258
 6.673  3.124 133.224   0.040  0.164 -1.144  -0.357 -0.540  0.812   0.437 -0.881 -0.246
 6.934  3.751 132.745   0.040  0.164 -1.144  -0.357 -0.540  0.812   0.455 -0.867 -0.236
 7.180  4.392 132.300   0.032  0.160 -1.208  -0.357 -0.540  0.812   0.470 -0.867 -0.218
 7.436  5.027 131.866   0.032  0.156 -1.156  -0.357 -0.540  0.812   0.469 -0.863 -0.206
 7.641  5.550 131.272   0.036  0.156 -1.144  -0.284 -0.520  0.827   0.468 -0.829 -0.191
 7.839  6.045 130.763   0.028  0.156 -1.140  -0.284 -0.520  0.827   0.470 -0.806 -0.158
 8.003  6.522 130.243   0.032  0.144 -1.120  -0.284 -0.520  0.827   0.466 -0.776 -0.136
 8.141  6.928 129.472   0.040  0.136 -1.096  -0.202 -0.483  0.844   0.466 -0.773 -0.126
 8.309  7.310 128.786   0.032  0.132 -1.084  -0.202 -0.483  0.844   0.446 -0.773 -0.093
 8.519  7.632 128.199   0.024  0.140 -1.072  -0.202 -0.483  0.844   0.413 -0.763 -0.067
 8.734  7.903 127.314   0.032  0.136 -1.056  -0.142 -0.462  0.857   0.394 -0.756 -0.047
 8.951  8.147 126.510   0.024  0.128 -1.036  -0.142 -0.462  0.857   0.380 -0.735 -0.028
 9.147  8.345 125.728   0.028  0.128 -1.028  -0.142 -0.462  0.857   0.371 -0.715 -0.022
 9.382  8.487 124.781   0.012  0.132 -1.028  -0.085 -0.436  0.863   0.350 -0.693 -0.005
 9.567  8.569 123.861   0.016  0.128 -1.004  -0.085 -0.436  0.863   0.338 -0.646  0.002
 9.725  8.583 123.025   0.016  0.124 -0.980  -0.085 -0.436  0.863   0.306 -0.608  0.010
 9.826  8.551 122.219   0.016  0.116 -0.976  -0.085 -0.436  0.863   0.289 -0.545  0.012
 9.910  8.409 121.072   0.016  0.124 -0.956  -0.021 -0.408  0.867   0.259 -0.484  0.018
 9.932  8.209 119.915   0.024  0.120 -0.948  -0.021 -0.408  0.867   0.234 -0.427  0.012
 9.910  7.981 118.763   0.020  0.116 -0.940  -0.021 -0.408  0.867   0.234 -0.379  0.006
 9.846  7.711 117.552   0.020  0.112 -0.928   0.005 -0.413  0.878   0.210 -0.317  0.012
 9.722  7.371 116.349   0.028  0.116 -0.916   0.005 -0.413  0.878   0.180 -0.257  0.023
 9.560  6.983 115.222   0.020  0.116 -0.912   0.005 -0.413  0.878   0.154 -0.192  0.010
 9.376  6.572 114.116   0.012  0.112 -0.912   0.016 -0.387  0.870   0.130 -0.142  0.018
 9.149  6.110 113.039   0.012  0.116 -0.896   0.016 -0.387  0.870   0.103 -0.089  0.012
 8.865  5.590 111.960   0.020  0.116 -0.896   0.016 -0.387  0.870   0.058 -0.032  0.023
 8.544  5.030 110.943   0.016  0.116 -0.896   0.016 -0.387  0.870   0.022  0.026  0.021
 8.198  4.462 109.914   0.012  0.116 -0.896   0.023 -0.376  0.874   0.006  0.067  0.014
 7.811  3.853 108.898   0.016  0.120 -0.904   0.023 -0.376  0.874  -0.032  0.112  0.023
 7.400  3.229 107.933   0.016  0.116 -0.912   0.023 -0.376  0.874  -0.071  0.148  0.034
 6.972  2.609 107.147   0.008  0.112 -0.900   0.013 -0.393  0.874  -0.092  0.192  0.033
 6.489  1.967 106.399   0.008  0.108 -0.900   0.013 -0.393  0.874  -0.127  0.258  0.041
 5.961  1.281 105.677   0.008  0.116 -0.916   0.013 -0.393  0.874  -0.167  0.321  0.045
 5.391  0.549 105.155   0.012  0.132 -0.932  -0.013 -0.405  0.867  -0.197  0.378  0.050
 4.793 -0.145 104.687   0.008  0.128 -0.936  -0.013 -0.405  0.867  -0.195  0.425  0.061
 4.147 -0.828 104.232   0.008  0.120 -0.952  -0.013 -0.405  0.867  -0.219  0.486  0.066
 3.457 -1.527 103.768   0.012  0.124 -0.956  -0.013 -0.405  0.867  -0.242  0.538  0.074
 2.727 -2.261 103.571   0.028  0.140 -0.948  -0.057 -0.413  0.868  -0.258  0.583  0.101
 2.005 -2.963 103.412   0.024  0.132 -0.968  -0.057 -0.413  0.868  -0.276  0.612  0.116
 1.270 -3.660 103.258   0.024  0.128 -0.984  -0.057 -0.413  0.868  -0.303  0.649  0.128
 0.584 -4.350 103.497   0.016  0.128 -0.992  -0.109 -0.439  0.859  -0.325  0.685  0.146
-0.077 -5.047 103.739   0.012  0.124 -1.008  -0.109 -0.439  0.859  -0.362  0.704  0.154
-0.733 -5.753 103.986   0.016  0.136 -1.020  -0.109 -0.439  0.859  -0.366  0.724  0.179
-1.343 -6.444 104.564   0.016  0.132 -1.032  -0.181 -0.474  0.840  -0.379  0.745  0.194
-1.912 -7.134 105.181   0.008  0.140 -1.040  -0.181 -0.474  0.840  -0.383  0.763  0.214
-2.467 -7.814 105.781   0.012  0.144 -1.052  -0.181 -0.474  0.840  -0.382  0.772  0.237
-3.043 -8.474 106.299   0.020  0.132 -1.060  -0.181 -0.474  0.840  -0.393  0.791  0.247
-3.591 -9.136 107.045   0.028  0.136 -1.064  -0.243 -0.491  0.840  -0.390  0.808  0.270
-4.136 -9.804 107.755   0.032  0.132 -1.072  -0.243 -0.491  0.840  -0.410  0.828  0.293
-4.643 -10.462 108.476   0.028  0.140 -1.084  -0.243 -0.491  0.840  -0.405  0.836  0.306
-5.083 -11.114 109.418   0.024  0.140 -1.088  -0.333 -0.535  0.818  -0.406  0.844  0.312
-5.495 -11.758 110.343   0.024  0.144 -1.092  -0.333 -0.535  0.818  -0.402  0.850  0.327
-5.900 -12.384 111.289   0.020  0.132 -1.088  -0.333 -0.535  0.818  -0.396  0.846  0.349
-6.250 -13.008 112.404   0.024  0.140 -1.092  -0.406 -0.549  0.789  -0.380  0.846  0.364
-6.575 -13.597 113.470   0.032  0.136 -1.104  -0.406 -0.549  0.789  -0.372  0.827  0.382
-6.812 -14.125 114.483   0.024  0.140 -1.112  -0.406 -0.549  0.789  -0.366  0.802  0.389
-7.036 -14.673 115.529   0.032  0.148 -1.112  -0.406 -0.549  0.789  -0.353  0.792  0.410
-7.184 -15.177 116.648   0.036  0.152 -1.108  -0.478 -0.564  0.776  -0.339  0.769  0.414
-7.291 -15.607 117.741   0.028  0.148 -1.100  -0.478 -0.564  0.776  -0.305  0.742  0.416
-7.352 -16.021 118.823   0.024  0.152 -1.104  -0.478 -0.564  0.776  -0.303  0.729  0.425
-7.388 -16.363 119.933   0.020  0.136 -1.092  -0.550 -0.587  0.752  -0.276  0.707  0.410
-7.409 -16.689 120.986   0.028  0.136 -1.088  -0.550 -0.587  0.752  -0.269  0.687  0.403
-7.389 -16.978 122.015   0.028  0.136 -1.060  -0.550 -0.587  0.752  -0.253  0.654  0.405
-7.309 -17.249 123.119   0.028  0.136 -1.052  -0.602 -0.578  0.722  -0.251  0.625  0.393
-7.198 -17.469 124.192   0.032  0.136 -1.044  -0.602 -0.578  0.722  -0.228  0.581  0.397
-7.046 -17.618 125.216   0.028  0.132 -1.036  -0.602 -0.578  0.722  -0.204  0.531  0.378
-6.853 -17.737 126.193   0.028  0.128 -1.012  -0.602 -0.578  0.722  -0.208  0.489  0.361
-6.625 -17.849 127.199   0.032  0.132 -0.996  -0.656 -0.587  0.714  -0.201  0.466  0.342
-6.387 -17.914 128.146   0.032  0.124 -0.980  -0.656 -0.587  0.714  -0.191  0.432  0.327
-6.088 -17.954 129.070   0.032  0.136 -0.960  -0.656 -0.587  0.714  -0.178  0.383  0.303
-5.770 -17.919 130.005   0.028  0.136 -0.960  -0.695 -0.587  0.688  -0.136  0.342  0.286
-5.447 -17.834 130.878   0.024  0.128 -0.948  -0.695 -0.587  0.688  -0.126  0.310  0.264
-5.126 -17.667 131.687   0.020  0.120 -0.932  -0.695 -0.587  0.688  -0.091  0.262  0.238
-4.759 -17.489 132.496   0.032  0.132 -0.924  -0.713 -0.572  0.679  -0.075  0.202  0.198
-4.375 -17.259 133.244   0.036  0.132 -0.920  -0.713 -0.572  0.679  -0.057  0.141  0.167
-3.971 -16.957 133.929   0.028  0.128 -0.908  -0.713 -0.572  0.679  -0.035  0.089  0.127
-3.555 -16.625 134.536   0.040  0.128 -0.900  -0.713 -0.572  0.679  -0.025  0.020  0.085
-3.115 -16.235 135.083   0.036  0.128 -0.892  -0.729 -0.587  0.680  -0.008 -0.040  0.047
-2.701 -15.807 135.543   0.044  0.124 -0.892  -0.729 -0.587  0.680   0.017 -0.086  0.006
-2.286 -15.325 135.952   0.052  0.124 -0.872  -0.729 -0.587  0.680   0.051 -0.162 -0.020
-1.848 -14.748 136.295   0.040  0.120 -0.888  -0.718 -0.587  0.673   0.075 -0.231 -0.058
-1.410 -14.109 136.569   0.036  0.112 -0.880  -0.718 -0.587  0.673   0.094 -0.290 -0.100
-0.958 -13.429 136.817   0.036  0.120 -0.900  -0.718 -0.587  0.673   0.122 -0.348 -0.124
-0.454 -12.665 137.012   0.016  0.124 -0.912  -0.693 -0.590  0.684   0.141 -0.418 -0.154
 0.046 -11.863 137.155   0.024  0.124 -0.920  -0.693 -0.590  0.684   0.165 -0.490 -0.182
 0.547 -11.027 137.242   0.028  0.124 -0.932  -0.693 -0.590  0.684   0.183 -0.555 -0.219
 1.043 -10.183 137.315   0.032  0.132 -0.936  -0.693 -0.590  0.684   0.211 -0.598 -0.232
 1.515 -9.327 137.270   0.032  0.136 -0.944  -0.659 -0.601  0.712   0.239 -0.632 -0.267
 1.971 -8.449 137.212   0.028  0.140 -0.956  -0.659 -0.601  0.712   0.275 -0.660 -0.282
 2.404 -7.591 137.133   0.036  0.144 -0.972  -0.659 -0.601  0.712   0.288 -0.684 -0.292
 2.770 -6.707 136.894   0.036  0.124 -0.992  -0.599 -0.598  0.724   0.304 -0.709 -0.303
 3.138 -5.832 136.657   0.040  0.132 -1.016  -0.599 -0.598  0.724   0.321 -0.740 -0.311
 3.483 -4.959 136.423   0.044  0.132 -1.032  -0.599 -0.598  0.724   0.344 -0.763 -0.304
 3.833 -4.079 136.086   0.032  0.128 -1.044  -0.525 -0.587  0.748   0.348 -0.787 -0.295
 4.164 -3.229 135.738   0.044  0.128 -1.052  -0.525 -0.587  0.748   0.355 -0.811 -0.295
 4.485 -2.393 135.418   0.044  0.128 -1.052  -0.525 -0.587  0.748   0.370 -0.823 -0.278
 4.830 -1.563 135.145   0.036  0.136 -1.060  -0.525 -0.587  0.748   0.381 -0.842 -0.268
 5.163 -0.772 134.799   0.032  0.136 -1.068  -0.470 -0.578  0.780   0.378 -0.840 -0.252
 5.492 -0.018 134.481   0.032  0.140 -1.076  -0.470 -0.578  0.780   0.380 -0.839 -0.241
 5.838  0.741 134.169   0.032  0.148 -1.088  -0.470 -0.578  0.780   0.386 -0.844 -0.242
 6.163  1.426 133.729   0.028  0.152 -1.100  -0.401 -0.569  0.791   0.388 -0.847 -0.240
 6.458  2.081 133.304   0.036  0.152 -1.092  -0.401 -0.569  0.791   0.405 -0.848 -0.226
 6.725  2.717 132.903   0.036  0.152 -1.100  -0.401 -0.569  0.791   0.422 -0.839 -0.217
 6.942  3.327 132.349   0.036  0.144 -1.108  -0.323 -0.538  0.818   0.442 -0.823 -0.201
 7.179  3.940 131.816   0.032  0.148 -1.120  -0.323 -0.538  0.818   0.442 -0.819 -0.191
 7.414  4.507 131.344   0.028  0.148 -1.108  -0.323 -0.538  0.818   0.435 -0.802 -0.168
 7.610  5.006 130.907   0.032  0.152 -1.104  -0.323 -0.538  0.818   0.436 -0.764 -0.154
 7.791  5.451 130.332   0.020  0.148 -1.100  -0.248 -0.512  0.840   0.438 -0.746 -0.140
 7.931  5.860 129.749   0.032  0.136 -1.068  -0.248 -0.512  0.840   0.438 -0.732 -0.116
 8.074  6.221 129.216   0.032  0.140 -1.068  -0.248 -0.512  0.840   0.426 -0.718 -0.098
 8.246  6.540 128.563   0.028  0.140 -1.048  -0.194 -0.486  0.838   0.408 -0.723 -0.069
 8.425  6.811 127.953   0.028  0.140 -1.048  -0.194 -0.486  0.838   0.383 -0.709 -0.052
 8.585  7.033 127.378   0.032  0.144 -1.044  -0.194 -0.486  0.838   0.377 -0.686 -0.037
 8.747  7.186 126.562   0.032  0.144 -1.024  -0.129 -0.457  0.857   0.356 -0.668 -0.017
 8.886  7.310 125.776   0.032  0.136 -1.020  -0.129 -0.457  0.857   0.343 -0.640 -0.008
 9.023  7.408 125.037   0.028  0.132 -1.020  -0.129 -0.457  0.857   0.326 -0.620 -0.003
 9.139  7.460 124.329   0.028  0.128 -1.000  -0.129 -0.457  0.857   0.307 -0.587  0.002
 9.218  7.445 123.361   0.024  0.128 -0.992  -0.072 -0.442  0.863   0.299 -0.526  0.006
 9.282  7.366 122.471   0.020  0.128 -0.980  -0.072 -0.442  0.863   0.267 -0.479  0.022
 9.300  7.237 121.562   0.028  0.128 -0.980  -0.072 -0.442  0.863   0.251 -0.438  0.012
 9.304  7.056 120.593   0.020  0.128 -0.968  -0.047 -0.425  0.865   0.229 -0.389  0.021
 9.254  6.818 119.663   0.020  0.124 -0.956  -0.047 -0.425  0.865   0.204 -0.322  0.022
 9.155  6.536 118.743   0.024  0.124 -0.948  -0.047 -0.425  0.865   0.187 -0.271  0.019
 9.039  6.224 117.624   0.020  0.124 -0.948  -0.008 -0.410  0.870   0.174 -0.233  0.016
 8.858  5.858 116.531   0.024  0.124 -0.936  -0.008 -0.410  0.870   0.152 -0.164  0.023
 8.631  5.474 115.476   0.024  0.116 -0.932  -0.008 -0.410  0.870   0.130 -0.112  0.022
 8.363  5.011 114.440   0.020  0.116 -0.932  -0.008 -0.410  0.870   0.085 -0.053  0.027
 8.043  4.483 113.404   0.024  0.128 -0.924  -0.008 -0.387  0.878   0.063  0.003  0.028
 7.709  3.926 112.440   0.020  0.124 -0.912  -0.008 -0.387  0.878   0.024  0.042  0.033
 7.348  3.329 111.543   0.016  0.132 -0.912  -0.008 -0.387  0.878  -0.000  0.092  0.034
 6.964  2.768 110.758   0.020  0.120 -0.904  -0.016 -0.408  0.872  -0.026  0.131  0.040
 6.520  2.201 109.950   0.028  0.116 -0.924  -0.016 -0.408  0.872  -0.049  0.181  0.041
 6.024  1.605 109.148   0.032  0.112 -0.920  -0.016 -0.408  0.872  -0.087  0.239  0.049
 5.501  0.952 108.551   0.020  0.120 -0.932  -0.031 -0.402  0.872  -0.115  0.295  0.056
 4.987  0.325 108.026   0.016  0.116 -0.932  -0.031 -0.402  0.872  -0.145  0.339  0.056
 4.420 -0.299 107.467   0.024  0.112 -0.948  -0.031 -0.402  0.872  -0.164  0.384  0.063
 3.834 -0.925 107.194   0.020  0.112 -0.956  -0.065 -0.416  0.867  -0.186  0.444  0.072
 3.174 -1.594 106.872   0.028  0.116 -0.968  -0.065 -0.416  0.867  -0.200  0.487  0.082
 2.546 -2.255 106.625   0.024  0.124 -0.972  -0.065 -0.416  0.867  -0.224  0.527  0.101
 1.925 -2.922 106.436   0.016  0.128 -0.968  -0.065 -0.416  0.867  -0.241  0.568  0.100
 1.333 -3.596 106.605   0.012  0.136 -0.980  -0.111 -0.436  0.859  -0.258  0.607  0.128
 0.703 -4.272 106.695   0.024  0.132 -0.996  -0.111 -0.436  0.859  -0.279  0.635  0.144
 0.110 -4.946 106.836   0.016  0.136 -1.008  -0.111 -0.436  0.859  -0.296  0.653  0.152
-0.456 -5.620 107.214   0.020  0.132 -1.028  -0.160 -0.454  0.850  -0.325  0.671  0.172
